#! /usr/bin/vvp
:ivl_version "10.1 (stable)";
:ivl_delay_selection "MINIMUM";
:vpi_time_precision - 10;
:vpi_module "system";
:vpi_module "vhdl_sys";
:vpi_module "v2005_math";
:vpi_module "va_math";
S_0x55dbbc86cb90 .scope module, "BUF" "BUF" 2 1;
 .timescale -9 -10;
    .port_info 0 /INPUT 1 "A"
    .port_info 1 /OUTPUT 1 "Y"
o0x7f00ce79a018 .functor BUFZ 1, C4<z>; HiZ drive
L_0x55dbbc7b3c70 .functor BUFZ 1, o0x7f00ce79a018, C4<0>, C4<0>, C4<0>;
v0x55dbbc86a350_0 .net "A", 0 0, o0x7f00ce79a018;  0 drivers
v0x55dbbc86a7a0_0 .net "Y", 0 0, L_0x55dbbc7b3c70;  1 drivers
S_0x55dbbc7d2460 .scope module, "BancoPruebas" "BancoPruebas" 3 9;
 .timescale -9 -10;
o0x7f00ce79a5e8 .functor BUFZ 1, C4<z>; HiZ drive
v0x55dbbc895310_0 .net "clk2f_c", 0 0, o0x7f00ce79a5e8;  0 drivers
o0x7f00ce79adc8 .functor BUFZ 1, C4<z>; HiZ drive
v0x55dbbc8953d0_0 .net "clk2f_s", 0 0, o0x7f00ce79adc8;  0 drivers
v0x55dbbc8954e0_0 .net "clk4f_c", 0 0, v0x55dbbc86b040_0;  1 drivers
v0x55dbbc895580_0 .net "clk4f_s", 0 0, v0x55dbbc891820_0;  1 drivers
v0x55dbbc895620_0 .net "clk8f", 0 0, v0x55dbbc894570_0;  1 drivers
v0x55dbbc895710_0 .net "clkf_c", 0 0, v0x55dbbc82db30_0;  1 drivers
L_0x7f00ce751060 .functor BUFT 1, C4<0>, C4<0>, C4<0>, C4<0>;
v0x55dbbc8957b0_0 .net "clkf_s", 0 0, L_0x7f00ce751060;  1 drivers
v0x55dbbc895850_0 .net "data_in_0", 7 0, v0x55dbbc8947f0_0;  1 drivers
v0x55dbbc8958f0_0 .net "data_in_1", 7 0, v0x55dbbc894920_0;  1 drivers
v0x55dbbc895990_0 .net "data_out_c", 7 0, v0x55dbbc87efe0_0;  1 drivers
L_0x7f00ce7510a8 .functor BUFT 1, C4<00000000>, C4<0>, C4<0>, C4<0>;
v0x55dbbc895a50_0 .net "data_out_s", 7 0, L_0x7f00ce7510a8;  1 drivers
v0x55dbbc895b10_0 .net "reset", 0 0, v0x55dbbc894c40_0;  1 drivers
v0x55dbbc895cc0_0 .net "valid_in_0", 0 0, v0x55dbbc894ce0_0;  1 drivers
v0x55dbbc895d60_0 .net "valid_in_1", 0 0, v0x55dbbc894e10_0;  1 drivers
v0x55dbbc895e00_0 .net "valid_out_c", 0 0, v0x55dbbc87f4d0_0;  1 drivers
L_0x7f00ce7510f0 .functor BUFT 1, C4<0>, C4<0>, C4<0>, C4<0>;
v0x55dbbc895ea0_0 .net "valid_out_s", 0 0, L_0x7f00ce7510f0;  1 drivers
S_0x55dbbc87df80 .scope module, "p_cond" "proy1_conductual" 3 33, 4 4 0, S_0x55dbbc7d2460;
 .timescale -9 -10;
    .port_info 0 /OUTPUT 8 "data_out_c"
    .port_info 1 /OUTPUT 1 "valid_out_c"
    .port_info 2 /INPUT 8 "data_in_0"
    .port_info 3 /INPUT 8 "data_in_1"
    .port_info 4 /OUTPUT 1 "valid_in_0"
    .port_info 5 /OUTPUT 1 "valid_in_1"
    .port_info 6 /INPUT 1 "reset"
    .port_info 7 /INPUT 1 "clk8f"
    .port_info 8 /OUTPUT 1 "clkf_c"
    .port_info 9 /OUTPUT 1 "clk2f_c"
    .port_info 10 /OUTPUT 1 "clk4f_c"
v0x55dbbc87f6b0_0 .net "clk2f_c", 0 0, o0x7f00ce79a5e8;  alias, 0 drivers
v0x55dbbc87f790_0 .net "clk2f_mid", 0 0, v0x55dbbc86abf0_0;  1 drivers
v0x55dbbc87f850_0 .net "clk4f_c", 0 0, v0x55dbbc86b040_0;  alias, 1 drivers
v0x55dbbc87f920_0 .net "clk8f", 0 0, v0x55dbbc894570_0;  alias, 1 drivers
v0x55dbbc87fa10_0 .net "clkf_c", 0 0, v0x55dbbc82db30_0;  alias, 1 drivers
v0x55dbbc87fb00_0 .net "data_in_0", 7 0, v0x55dbbc8947f0_0;  alias, 1 drivers
v0x55dbbc87fba0_0 .net "data_in_1", 7 0, v0x55dbbc894920_0;  alias, 1 drivers
v0x55dbbc87fc70_0 .net "data_out_c", 7 0, v0x55dbbc87efe0_0;  alias, 1 drivers
v0x55dbbc87fd40_0 .net "reset", 0 0, v0x55dbbc894c40_0;  alias, 1 drivers
v0x55dbbc87fde0_0 .net "valid_in_0", 0 0, v0x55dbbc894ce0_0;  alias, 1 drivers
v0x55dbbc87fe80_0 .net "valid_in_1", 0 0, v0x55dbbc894e10_0;  alias, 1 drivers
v0x55dbbc87ff50_0 .net "valid_out_c", 0 0, v0x55dbbc87f4d0_0;  alias, 1 drivers
S_0x55dbbc87e100 .scope module, "generador_de_relojes" "clkgen" 4 19, 5 1 0, S_0x55dbbc87df80;
 .timescale -9 -10;
    .port_info 0 /OUTPUT 1 "clkf"
    .port_info 1 /OUTPUT 1 "clk2f"
    .port_info 2 /OUTPUT 1 "clk4f"
    .port_info 3 /INPUT 1 "clk8f"
    .port_info 4 /INPUT 1 "reset"
v0x55dbbc86abf0_0 .var "clk2f", 0 0;
v0x55dbbc86b040_0 .var "clk4f", 0 0;
v0x55dbbc837160_0 .net "clk8f", 0 0, v0x55dbbc894570_0;  alias, 1 drivers
v0x55dbbc82db30_0 .var "clkf", 0 0;
v0x55dbbc82de60_0 .net "reset", 0 0, v0x55dbbc894c40_0;  alias, 1 drivers
E_0x55dbbc812450 .event posedge, v0x55dbbc86abf0_0;
E_0x55dbbc8125c0 .event posedge, v0x55dbbc86b040_0;
E_0x55dbbc812730 .event posedge, v0x55dbbc837160_0;
S_0x55dbbc87e500 .scope module, "mux_" "mux" 4 21, 6 1 0, S_0x55dbbc87df80;
 .timescale -9 -10;
    .port_info 0 /OUTPUT 8 "data_out_c"
    .port_info 1 /OUTPUT 1 "valid_out_c"
    .port_info 2 /INPUT 8 "data_in_0_c"
    .port_info 3 /INPUT 1 "valid_in_0_c"
    .port_info 4 /INPUT 8 "data_in_1_c"
    .port_info 5 /INPUT 1 "valid_in_1_c"
    .port_info 6 /INPUT 1 "reset"
    .port_info 7 /INPUT 1 "clk2f"
    .port_info 8 /INPUT 1 "clk8f"
P_0x55dbbc87e6f0 .param/l "INICIAL" 0 6 15, +C4<00000000000000000000000000000010>;
P_0x55dbbc87e730 .param/l "RESET" 0 6 14, +C4<00000000000000000000000000000001>;
P_0x55dbbc87e770 .param/l "TRANS_0" 0 6 16, +C4<00000000000000000000000000000100>;
P_0x55dbbc87e7b0 .param/l "TRANS_1" 0 6 17, +C4<00000000000000000000000000001000>;
P_0x55dbbc87e7f0 .param/l "W_LST_DATA0" 0 6 19, +C4<00000000000000000000000000100000>;
P_0x55dbbc87e830 .param/l "W_LST_DATA1" 0 6 18, +C4<00000000000000000000000000010000>;
v0x55dbbc87ec90_0 .net "clk2f", 0 0, v0x55dbbc86abf0_0;  alias, 1 drivers
v0x55dbbc87ed80_0 .net "clk8f", 0 0, v0x55dbbc894570_0;  alias, 1 drivers
v0x55dbbc87ee50_0 .net "data_in_0_c", 7 0, v0x55dbbc8947f0_0;  alias, 1 drivers
v0x55dbbc87ef20_0 .net "data_in_1_c", 7 0, v0x55dbbc894920_0;  alias, 1 drivers
v0x55dbbc87efe0_0 .var "data_out_c", 7 0;
v0x55dbbc87f110_0 .var "nxt_st", 5 0;
v0x55dbbc87f1f0_0 .net "reset", 0 0, v0x55dbbc894c40_0;  alias, 1 drivers
v0x55dbbc87f290_0 .var "st", 5 0;
v0x55dbbc87f350_0 .net "valid_in_0_c", 0 0, v0x55dbbc894ce0_0;  alias, 1 drivers
v0x55dbbc87f410_0 .net "valid_in_1_c", 0 0, v0x55dbbc894e10_0;  alias, 1 drivers
v0x55dbbc87f4d0_0 .var "valid_out_c", 0 0;
E_0x55dbbc7c4cb0/0 .event edge, v0x55dbbc87f290_0, v0x55dbbc82de60_0, v0x55dbbc87f350_0, v0x55dbbc87f410_0;
E_0x55dbbc7c4cb0/1 .event edge, v0x55dbbc87ee50_0, v0x55dbbc87ef20_0;
E_0x55dbbc7c4cb0 .event/or E_0x55dbbc7c4cb0/0, E_0x55dbbc7c4cb0/1;
S_0x55dbbc8800a0 .scope module, "p_synth" "proy1_synth" 3 49, 7 63 0, S_0x55dbbc7d2460;
 .timescale -9 -10;
    .port_info 0 /OUTPUT 8 "data_out_s"
    .port_info 1 /OUTPUT 1 "valid_out_s"
    .port_info 2 /INPUT 8 "data_in_0"
    .port_info 3 /INPUT 8 "data_in_1"
    .port_info 4 /OUTPUT 1 "valid_in_0"
    .port_info 5 /OUTPUT 1 "valid_in_1"
    .port_info 6 /INPUT 1 "reset"
    .port_info 7 /INPUT 1 "clk8f"
    .port_info 8 /OUTPUT 1 "clkf_s"
    .port_info 9 /OUTPUT 1 "clk2f_s"
    .port_info 10 /OUTPUT 1 "clk4f_s"
L_0x7f00ce751018 .functor BUFT 1, C4<0>, C4<0>, C4<0>, C4<0>;
v0x55dbbc893020_0 .net "clk2f_mid", 0 0, L_0x7f00ce751018;  1 drivers
v0x55dbbc893410_0 .net "clk2f_s", 0 0, o0x7f00ce79adc8;  alias, 0 drivers
v0x55dbbc8934d0_0 .net "clk4f_s", 0 0, v0x55dbbc891820_0;  alias, 1 drivers
v0x55dbbc893590_0 .net "clk8f", 0 0, v0x55dbbc894570_0;  alias, 1 drivers
v0x55dbbc893650_0 .net "clkf_s", 0 0, L_0x7f00ce751060;  alias, 1 drivers
v0x55dbbc893760_0 .net "data_in_0", 7 0, v0x55dbbc8947f0_0;  alias, 1 drivers
v0x55dbbc893820_0 .net "data_in_1", 7 0, v0x55dbbc894920_0;  alias, 1 drivers
v0x55dbbc893900_0 .net "data_out_s", 7 0, L_0x7f00ce7510a8;  alias, 1 drivers
v0x55dbbc8939e0_0 .net "reset", 0 0, v0x55dbbc894c40_0;  alias, 1 drivers
v0x55dbbc893b10_0 .net "valid_in_0", 0 0, v0x55dbbc894ce0_0;  alias, 1 drivers
v0x55dbbc893bd0_0 .net "valid_in_1", 0 0, v0x55dbbc894e10_0;  alias, 1 drivers
v0x55dbbc893c90_0 .net "valid_out_s", 0 0, L_0x7f00ce7510f0;  alias, 1 drivers
S_0x55dbbc8906a0 .scope module, "generador_de_relojes" "clkgen_s" 7 89, 7 5 0, S_0x55dbbc8800a0;
 .timescale -9 -10;
    .port_info 0 /OUTPUT 1 "clkf"
    .port_info 1 /OUTPUT 1 "clk2f"
    .port_info 2 /OUTPUT 1 "clk4f"
    .port_info 3 /INPUT 1 "clk8f"
    .port_info 4 /INPUT 1 "reset"
v0x55dbbc891920_0 .net "_0_", 0 0, L_0x55dbbc7b3e90;  1 drivers
v0x55dbbc891ba0_0 .net "_1_", 0 0, L_0x55dbbc7b3b60;  1 drivers
v0x55dbbc891cb0_0 .net "clk2f", 0 0, L_0x7f00ce751018;  alias, 1 drivers
v0x55dbbc891d50_0 .net "clk4f", 0 0, v0x55dbbc891820_0;  alias, 1 drivers
v0x55dbbc891e60_0 .net "clk8f", 0 0, v0x55dbbc894570_0;  alias, 1 drivers
v0x55dbbc891f70_0 .net "clkf", 0 0, L_0x7f00ce751060;  alias, 1 drivers
v0x55dbbc892050_0 .net "reset", 0 0, v0x55dbbc894c40_0;  alias, 1 drivers
S_0x55dbbc890a60 .scope module, "_2_" "NOT" 7 19, 2 7 0, S_0x55dbbc8906a0;
 .timescale -9 -10;
    .port_info 0 /INPUT 1 "A"
    .port_info 1 /OUTPUT 1 "Y"
L_0x55dbbc7b3b60/d .functor NOT 1, v0x55dbbc894c40_0, C4<0>, C4<0>, C4<0>;
L_0x55dbbc7b3b60 .delay 1 (0,0,0) L_0x55dbbc7b3b60/d;
v0x55dbbc890cb0_0 .net "A", 0 0, v0x55dbbc894c40_0;  alias, 1 drivers
v0x55dbbc890d70_0 .net "Y", 0 0, L_0x55dbbc7b3b60;  alias, 1 drivers
S_0x55dbbc890e90 .scope module, "_3_" "NOR" 7 23, 2 19 0, S_0x55dbbc8906a0;
 .timescale -9 -10;
    .port_info 0 /INPUT 1 "A"
    .port_info 1 /INPUT 1 "B"
    .port_info 2 /OUTPUT 1 "Y"
L_0x55dbbc7b3d80 .functor OR 1, L_0x55dbbc7b3b60, v0x55dbbc891820_0, C4<0>, C4<0>;
L_0x55dbbc7b3e90/d .functor NOT 1, L_0x55dbbc7b3d80, C4<0>, C4<0>, C4<0>;
L_0x55dbbc7b3e90 .delay 1 (0,0,0) L_0x55dbbc7b3e90/d;
v0x55dbbc8910b0_0 .net "A", 0 0, L_0x55dbbc7b3b60;  alias, 1 drivers
v0x55dbbc891170_0 .net "B", 0 0, v0x55dbbc891820_0;  alias, 1 drivers
v0x55dbbc891210_0 .net "Y", 0 0, L_0x55dbbc7b3e90;  alias, 1 drivers
v0x55dbbc8912e0_0 .net *"_s0", 0 0, L_0x55dbbc7b3d80;  1 drivers
S_0x55dbbc891440 .scope module, "_4_" "DFF" 7 28, 2 25 0, S_0x55dbbc8906a0;
 .timescale -9 -10;
    .port_info 0 /INPUT 1 "C"
    .port_info 1 /INPUT 1 "D"
    .port_info 2 /OUTPUT 1 "Q"
v0x55dbbc891690_0 .net "C", 0 0, v0x55dbbc894570_0;  alias, 1 drivers
v0x55dbbc891730_0 .net "D", 0 0, L_0x55dbbc7b3e90;  alias, 1 drivers
v0x55dbbc891820_0 .var "Q", 0 0;
S_0x55dbbc8921b0 .scope module, "mux_" "mux_s" 7 97, 7 38 0, S_0x55dbbc8800a0;
 .timescale -9 -10;
    .port_info 0 /OUTPUT 8 "data_out_s"
    .port_info 1 /OUTPUT 1 "valid_out_s"
    .port_info 2 /INPUT 8 "data_in_0_c"
    .port_info 3 /INPUT 1 "valid_in_0_c"
    .port_info 4 /INPUT 8 "data_in_1_c"
    .port_info 5 /INPUT 1 "valid_in_1_c"
    .port_info 6 /INPUT 1 "reset"
    .port_info 7 /INPUT 1 "clk2f"
    .port_info 8 /INPUT 1 "clk8f"
v0x55dbbc892520_0 .net "clk2f", 0 0, L_0x7f00ce751018;  alias, 1 drivers
v0x55dbbc892600_0 .net "clk8f", 0 0, v0x55dbbc894570_0;  alias, 1 drivers
v0x55dbbc8927b0_0 .net "data_in_0_c", 7 0, v0x55dbbc8947f0_0;  alias, 1 drivers
v0x55dbbc8928c0_0 .net "data_in_1_c", 7 0, v0x55dbbc894920_0;  alias, 1 drivers
v0x55dbbc8929f0_0 .net "data_out_s", 7 0, L_0x7f00ce7510a8;  alias, 1 drivers
v0x55dbbc892b40_0 .net "reset", 0 0, v0x55dbbc894c40_0;  alias, 1 drivers
v0x55dbbc892c00_0 .net "valid_in_0_c", 0 0, v0x55dbbc894ce0_0;  alias, 1 drivers
v0x55dbbc892d10_0 .net "valid_in_1_c", 0 0, v0x55dbbc894e10_0;  alias, 1 drivers
v0x55dbbc892e20_0 .net "valid_out_s", 0 0, L_0x7f00ce7510f0;  alias, 1 drivers
S_0x55dbbc893e70 .scope module, "probador_" "probador" 3 65, 8 2 0, S_0x55dbbc7d2460;
 .timescale -9 -10;
    .port_info 0 /OUTPUT 8 "data_in_0"
    .port_info 1 /OUTPUT 1 "valid_in_0"
    .port_info 2 /OUTPUT 8 "data_in_1"
    .port_info 3 /OUTPUT 1 "valid_in_1"
    .port_info 4 /OUTPUT 1 "reset"
    .port_info 5 /OUTPUT 1 "clk8f"
    .port_info 6 /INPUT 8 "data_out_c"
    .port_info 7 /INPUT 1 "valid_out_c"
    .port_info 8 /INPUT 8 "data_out_s"
    .port_info 9 /INPUT 1 "valid_out_s"
    .port_info 10 /INPUT 1 "clk4f_c"
    .port_info 11 /INPUT 1 "clk2f_c"
    .port_info 12 /INPUT 1 "clkf_c"
    .port_info 13 /INPUT 1 "clk4f_s"
    .port_info 14 /INPUT 1 "clk2f_s"
    .port_info 15 /INPUT 1 "clkf_s"
v0x55dbbc894210_0 .net "clk2f_c", 0 0, o0x7f00ce79a5e8;  alias, 0 drivers
v0x55dbbc8942b0_0 .net "clk2f_s", 0 0, o0x7f00ce79adc8;  alias, 0 drivers
v0x55dbbc894350_0 .net "clk4f_c", 0 0, v0x55dbbc86b040_0;  alias, 1 drivers
v0x55dbbc894440_0 .net "clk4f_s", 0 0, v0x55dbbc891820_0;  alias, 1 drivers
v0x55dbbc894570_0 .var "clk8f", 0 0;
v0x55dbbc894610_0 .net "clkf_c", 0 0, v0x55dbbc82db30_0;  alias, 1 drivers
v0x55dbbc894700_0 .net "clkf_s", 0 0, L_0x7f00ce751060;  alias, 1 drivers
v0x55dbbc8947f0_0 .var "data_in_0", 7 0;
v0x55dbbc894920_0 .var "data_in_1", 7 0;
v0x55dbbc894ae0_0 .net "data_out_c", 7 0, v0x55dbbc87efe0_0;  alias, 1 drivers
v0x55dbbc894b80_0 .net "data_out_s", 7 0, L_0x7f00ce7510a8;  alias, 1 drivers
v0x55dbbc894c40_0 .var "reset", 0 0;
v0x55dbbc894ce0_0 .var "valid_in_0", 0 0;
v0x55dbbc894e10_0 .var "valid_in_1", 0 0;
v0x55dbbc894f40_0 .net "valid_out_c", 0 0, v0x55dbbc87f4d0_0;  alias, 1 drivers
v0x55dbbc894fe0_0 .net "valid_out_s", 0 0, L_0x7f00ce7510f0;  alias, 1 drivers
S_0x55dbbc7d25e0 .scope module, "DFFSR" "DFFSR" 2 32;
 .timescale -9 -10;
    .port_info 0 /INPUT 1 "C"
    .port_info 1 /INPUT 1 "D"
    .port_info 2 /OUTPUT 1 "Q"
    .port_info 3 /INPUT 1 "S"
    .port_info 4 /INPUT 1 "R"
o0x7f00ce79b308 .functor BUFZ 1, C4<z>; HiZ drive
v0x55dbbc895f80_0 .net "C", 0 0, o0x7f00ce79b308;  0 drivers
o0x7f00ce79b338 .functor BUFZ 1, C4<z>; HiZ drive
v0x55dbbc896020_0 .net "D", 0 0, o0x7f00ce79b338;  0 drivers
v0x55dbbc8960e0_0 .var "Q", 0 0;
o0x7f00ce79b398 .functor BUFZ 1, C4<z>; HiZ drive
v0x55dbbc8961a0_0 .net "R", 0 0, o0x7f00ce79b398;  0 drivers
o0x7f00ce79b3c8 .functor BUFZ 1, C4<z>; HiZ drive
v0x55dbbc896260_0 .net "S", 0 0, o0x7f00ce79b3c8;  0 drivers
E_0x55dbbc8933d0 .event posedge, v0x55dbbc8961a0_0, v0x55dbbc896260_0, v0x55dbbc895f80_0;
S_0x55dbbc7c17e0 .scope module, "NAND" "NAND" 2 13;
 .timescale -9 -10;
    .port_info 0 /INPUT 1 "A"
    .port_info 1 /INPUT 1 "B"
    .port_info 2 /OUTPUT 1 "Y"
o0x7f00ce79b4e8 .functor BUFZ 1, C4<z>; HiZ drive
o0x7f00ce79b518 .functor BUFZ 1, C4<z>; HiZ drive
L_0x55dbbc7b40d0 .functor AND 1, o0x7f00ce79b4e8, o0x7f00ce79b518, C4<1>, C4<1>;
L_0x55dbbc7b3fb0/d .functor NOT 1, L_0x55dbbc7b40d0, C4<0>, C4<0>, C4<0>;
L_0x55dbbc7b3fb0 .delay 1 (0,0,0) L_0x55dbbc7b3fb0/d;
v0x55dbbc8963c0_0 .net "A", 0 0, o0x7f00ce79b4e8;  0 drivers
v0x55dbbc8964a0_0 .net "B", 0 0, o0x7f00ce79b518;  0 drivers
v0x55dbbc896560_0 .net "Y", 0 0, L_0x55dbbc7b3fb0;  1 drivers
v0x55dbbc896600_0 .net *"_s0", 0 0, L_0x55dbbc7b40d0;  1 drivers
    .scope S_0x55dbbc87e100;
T_0 ;
    %wait E_0x55dbbc812730;
    %load/vec4 v0x55dbbc82de60_0;
    %pad/u 32;
    %cmpi/e 0, 0, 32;
    %jmp/0xz  T_0.0, 4;
    %pushi/vec4 0, 0, 1;
    %assign/vec4 v0x55dbbc86b040_0, 0;
    %pushi/vec4 0, 0, 1;
    %assign/vec4 v0x55dbbc86abf0_0, 0;
    %pushi/vec4 0, 0, 1;
    %assign/vec4 v0x55dbbc82db30_0, 0;
    %jmp T_0.1;
T_0.0 ;
    %load/vec4 v0x55dbbc86b040_0;
    %inv;
    %assign/vec4 v0x55dbbc86b040_0, 0;
T_0.1 ;
    %jmp T_0;
    .thread T_0;
    .scope S_0x55dbbc87e100;
T_1 ;
    %wait E_0x55dbbc8125c0;
    %load/vec4 v0x55dbbc86abf0_0;
    %inv;
    %assign/vec4 v0x55dbbc86abf0_0, 0;
    %jmp T_1;
    .thread T_1;
    .scope S_0x55dbbc87e100;
T_2 ;
    %wait E_0x55dbbc812450;
    %load/vec4 v0x55dbbc82db30_0;
    %inv;
    %assign/vec4 v0x55dbbc82db30_0, 0;
    %jmp T_2;
    .thread T_2;
    .scope S_0x55dbbc87e500;
T_3 ;
    %pushi/vec4 1, 0, 6;
    %store/vec4 v0x55dbbc87f290_0, 0, 6;
    %end;
    .thread T_3;
    .scope S_0x55dbbc87e500;
T_4 ;
    %wait E_0x55dbbc812730;
    %load/vec4 v0x55dbbc87f1f0_0;
    %pad/u 32;
    %cmpi/e 0, 0, 32;
    %jmp/0xz  T_4.0, 4;
    %pushi/vec4 1, 0, 6;
    %assign/vec4 v0x55dbbc87f290_0, 0;
T_4.0 ;
    %jmp T_4;
    .thread T_4;
    .scope S_0x55dbbc87e500;
T_5 ;
    %wait E_0x55dbbc812450;
    %load/vec4 v0x55dbbc87f110_0;
    %assign/vec4 v0x55dbbc87f290_0, 0;
    %jmp T_5;
    .thread T_5;
    .scope S_0x55dbbc87e500;
T_6 ;
    %wait E_0x55dbbc7c4cb0;
    %pushi/vec4 0, 0, 8;
    %store/vec4 v0x55dbbc87efe0_0, 0, 8;
    %pushi/vec4 0, 0, 1;
    %store/vec4 v0x55dbbc87f4d0_0, 0, 1;
    %load/vec4 v0x55dbbc87f290_0;
    %store/vec4 v0x55dbbc87f110_0, 0, 6;
    %load/vec4 v0x55dbbc87f290_0;
    %dup/vec4;
    %pushi/vec4 1, 0, 6;
    %cmp/u;
    %jmp/1 T_6.0, 6;
    %dup/vec4;
    %pushi/vec4 2, 0, 6;
    %cmp/u;
    %jmp/1 T_6.1, 6;
    %dup/vec4;
    %pushi/vec4 4, 0, 6;
    %cmp/u;
    %jmp/1 T_6.2, 6;
    %dup/vec4;
    %pushi/vec4 8, 0, 6;
    %cmp/u;
    %jmp/1 T_6.3, 6;
    %dup/vec4;
    %pushi/vec4 32, 0, 6;
    %cmp/u;
    %jmp/1 T_6.4, 6;
    %dup/vec4;
    %pushi/vec4 16, 0, 6;
    %cmp/u;
    %jmp/1 T_6.5, 6;
    %jmp T_6.6;
T_6.0 ;
    %load/vec4 v0x55dbbc87f1f0_0;
    %pad/u 32;
    %cmpi/e 0, 0, 32;
    %jmp/0xz  T_6.7, 4;
    %pushi/vec4 1, 0, 6;
    %store/vec4 v0x55dbbc87f110_0, 0, 6;
    %jmp T_6.8;
T_6.7 ;
    %pushi/vec4 2, 0, 6;
    %store/vec4 v0x55dbbc87f110_0, 0, 6;
T_6.8 ;
    %jmp T_6.6;
T_6.1 ;
    %load/vec4 v0x55dbbc87f350_0;
    %pad/u 32;
    %pushi/vec4 1, 0, 32;
    %cmp/e;
    %flag_get/vec4 4;
    %load/vec4 v0x55dbbc87f410_0;
    %pad/u 32;
    %pushi/vec4 0, 0, 32;
    %cmp/e;
    %flag_get/vec4 4;
    %and;
    %flag_set/vec4 8;
    %jmp/0xz  T_6.9, 8;
    %load/vec4 v0x55dbbc87ee50_0;
    %store/vec4 v0x55dbbc87efe0_0, 0, 8;
    %pushi/vec4 1, 0, 1;
    %store/vec4 v0x55dbbc87f4d0_0, 0, 1;
    %pushi/vec4 4, 0, 6;
    %store/vec4 v0x55dbbc87f110_0, 0, 6;
    %jmp T_6.10;
T_6.9 ;
    %load/vec4 v0x55dbbc87f350_0;
    %pad/u 32;
    %pushi/vec4 0, 0, 32;
    %cmp/e;
    %flag_get/vec4 4;
    %load/vec4 v0x55dbbc87f410_0;
    %pad/u 32;
    %pushi/vec4 1, 0, 32;
    %cmp/e;
    %flag_get/vec4 4;
    %and;
    %flag_set/vec4 8;
    %jmp/0xz  T_6.11, 8;
    %load/vec4 v0x55dbbc87ef20_0;
    %store/vec4 v0x55dbbc87efe0_0, 0, 8;
    %pushi/vec4 1, 0, 1;
    %store/vec4 v0x55dbbc87f4d0_0, 0, 1;
    %pushi/vec4 8, 0, 6;
    %store/vec4 v0x55dbbc87f110_0, 0, 6;
    %jmp T_6.12;
T_6.11 ;
    %load/vec4 v0x55dbbc87f350_0;
    %pad/u 32;
    %pushi/vec4 1, 0, 32;
    %cmp/e;
    %flag_get/vec4 4;
    %load/vec4 v0x55dbbc87f410_0;
    %pad/u 32;
    %pushi/vec4 1, 0, 32;
    %cmp/e;
    %flag_get/vec4 4;
    %and;
    %flag_set/vec4 8;
    %jmp/0xz  T_6.13, 8;
    %load/vec4 v0x55dbbc87ee50_0;
    %store/vec4 v0x55dbbc87efe0_0, 0, 8;
    %pushi/vec4 1, 0, 1;
    %store/vec4 v0x55dbbc87f4d0_0, 0, 1;
    %pushi/vec4 4, 0, 6;
    %store/vec4 v0x55dbbc87f110_0, 0, 6;
T_6.13 ;
T_6.12 ;
T_6.10 ;
    %jmp T_6.6;
T_6.2 ;
    %load/vec4 v0x55dbbc87f350_0;
    %pad/u 32;
    %pushi/vec4 0, 0, 32;
    %cmp/e;
    %flag_get/vec4 4;
    %load/vec4 v0x55dbbc87f410_0;
    %pad/u 32;
    %pushi/vec4 0, 0, 32;
    %cmp/e;
    %flag_get/vec4 4;
    %and;
    %flag_set/vec4 8;
    %jmp/0xz  T_6.15, 8;
    %pushi/vec4 32, 0, 6;
    %store/vec4 v0x55dbbc87f110_0, 0, 6;
    %jmp T_6.16;
T_6.15 ;
    %load/vec4 v0x55dbbc87f350_0;
    %pad/u 32;
    %pushi/vec4 0, 0, 32;
    %cmp/e;
    %flag_get/vec4 4;
    %load/vec4 v0x55dbbc87f410_0;
    %pad/u 32;
    %pushi/vec4 1, 0, 32;
    %cmp/e;
    %flag_get/vec4 4;
    %and;
    %flag_set/vec4 8;
    %jmp/0xz  T_6.17, 8;
    %pushi/vec4 0, 0, 8;
    %store/vec4 v0x55dbbc87efe0_0, 0, 8;
    %pushi/vec4 0, 0, 1;
    %store/vec4 v0x55dbbc87f4d0_0, 0, 1;
    %pushi/vec4 4, 0, 6;
    %store/vec4 v0x55dbbc87f110_0, 0, 6;
    %jmp T_6.18;
T_6.17 ;
    %load/vec4 v0x55dbbc87f350_0;
    %pad/u 32;
    %cmpi/e 1, 0, 32;
    %jmp/0xz  T_6.19, 4;
    %load/vec4 v0x55dbbc87ee50_0;
    %store/vec4 v0x55dbbc87efe0_0, 0, 8;
    %pushi/vec4 1, 0, 1;
    %store/vec4 v0x55dbbc87f4d0_0, 0, 1;
    %pushi/vec4 4, 0, 6;
    %store/vec4 v0x55dbbc87f110_0, 0, 6;
T_6.19 ;
T_6.18 ;
T_6.16 ;
    %jmp T_6.6;
T_6.3 ;
    %load/vec4 v0x55dbbc87f350_0;
    %pad/u 32;
    %pushi/vec4 0, 0, 32;
    %cmp/e;
    %flag_get/vec4 4;
    %load/vec4 v0x55dbbc87f410_0;
    %pad/u 32;
    %pushi/vec4 0, 0, 32;
    %cmp/e;
    %flag_get/vec4 4;
    %and;
    %flag_set/vec4 8;
    %jmp/0xz  T_6.21, 8;
    %pushi/vec4 16, 0, 6;
    %store/vec4 v0x55dbbc87f110_0, 0, 6;
    %jmp T_6.22;
T_6.21 ;
    %load/vec4 v0x55dbbc87f350_0;
    %pad/u 32;
    %pushi/vec4 1, 0, 32;
    %cmp/e;
    %flag_get/vec4 4;
    %load/vec4 v0x55dbbc87f410_0;
    %pad/u 32;
    %pushi/vec4 0, 0, 32;
    %cmp/e;
    %flag_get/vec4 4;
    %and;
    %flag_set/vec4 8;
    %jmp/0xz  T_6.23, 8;
    %pushi/vec4 0, 0, 8;
    %store/vec4 v0x55dbbc87efe0_0, 0, 8;
    %pushi/vec4 0, 0, 1;
    %store/vec4 v0x55dbbc87f4d0_0, 0, 1;
    %pushi/vec4 8, 0, 6;
    %store/vec4 v0x55dbbc87f110_0, 0, 6;
    %jmp T_6.24;
T_6.23 ;
    %load/vec4 v0x55dbbc87f410_0;
    %pad/u 32;
    %cmpi/e 1, 0, 32;
    %jmp/0xz  T_6.25, 4;
    %load/vec4 v0x55dbbc87ef20_0;
    %store/vec4 v0x55dbbc87efe0_0, 0, 8;
    %pushi/vec4 1, 0, 1;
    %store/vec4 v0x55dbbc87f4d0_0, 0, 1;
    %pushi/vec4 8, 0, 6;
    %store/vec4 v0x55dbbc87f110_0, 0, 6;
T_6.25 ;
T_6.24 ;
T_6.22 ;
    %jmp T_6.6;
T_6.4 ;
    %load/vec4 v0x55dbbc87f350_0;
    %pad/u 32;
    %pushi/vec4 1, 0, 32;
    %cmp/e;
    %flag_get/vec4 4;
    %load/vec4 v0x55dbbc87f410_0;
    %pad/u 32;
    %pushi/vec4 0, 0, 32;
    %cmp/e;
    %flag_get/vec4 4;
    %and;
    %flag_set/vec4 8;
    %jmp/0xz  T_6.27, 8;
    %load/vec4 v0x55dbbc87ee50_0;
    %store/vec4 v0x55dbbc87efe0_0, 0, 8;
    %pushi/vec4 1, 0, 1;
    %store/vec4 v0x55dbbc87f4d0_0, 0, 1;
    %pushi/vec4 4, 0, 6;
    %store/vec4 v0x55dbbc87f110_0, 0, 6;
    %jmp T_6.28;
T_6.27 ;
    %load/vec4 v0x55dbbc87f350_0;
    %pad/u 32;
    %pushi/vec4 0, 0, 32;
    %cmp/e;
    %flag_get/vec4 4;
    %load/vec4 v0x55dbbc87f410_0;
    %pad/u 32;
    %pushi/vec4 1, 0, 32;
    %cmp/e;
    %flag_get/vec4 4;
    %and;
    %flag_set/vec4 8;
    %jmp/0xz  T_6.29, 8;
    %load/vec4 v0x55dbbc87ef20_0;
    %store/vec4 v0x55dbbc87efe0_0, 0, 8;
    %pushi/vec4 1, 0, 1;
    %store/vec4 v0x55dbbc87f4d0_0, 0, 1;
    %pushi/vec4 8, 0, 6;
    %store/vec4 v0x55dbbc87f110_0, 0, 6;
    %jmp T_6.30;
T_6.29 ;
    %load/vec4 v0x55dbbc87f350_0;
    %pad/u 32;
    %pushi/vec4 1, 0, 32;
    %cmp/e;
    %flag_get/vec4 4;
    %load/vec4 v0x55dbbc87f410_0;
    %pad/u 32;
    %pushi/vec4 1, 0, 32;
    %cmp/e;
    %flag_get/vec4 4;
    %and;
    %flag_set/vec4 8;
    %jmp/0xz  T_6.31, 8;
    %load/vec4 v0x55dbbc87ef20_0;
    %store/vec4 v0x55dbbc87efe0_0, 0, 8;
    %pushi/vec4 1, 0, 1;
    %store/vec4 v0x55dbbc87f4d0_0, 0, 1;
    %pushi/vec4 8, 0, 6;
    %store/vec4 v0x55dbbc87f110_0, 0, 6;
T_6.31 ;
T_6.30 ;
T_6.28 ;
    %jmp T_6.6;
T_6.5 ;
    %load/vec4 v0x55dbbc87f350_0;
    %pad/u 32;
    %pushi/vec4 1, 0, 32;
    %cmp/e;
    %flag_get/vec4 4;
    %load/vec4 v0x55dbbc87f410_0;
    %pad/u 32;
    %pushi/vec4 0, 0, 32;
    %cmp/e;
    %flag_get/vec4 4;
    %and;
    %flag_set/vec4 8;
    %jmp/0xz  T_6.33, 8;
    %load/vec4 v0x55dbbc87ee50_0;
    %store/vec4 v0x55dbbc87efe0_0, 0, 8;
    %pushi/vec4 1, 0, 1;
    %store/vec4 v0x55dbbc87f4d0_0, 0, 1;
    %pushi/vec4 4, 0, 6;
    %store/vec4 v0x55dbbc87f110_0, 0, 6;
    %jmp T_6.34;
T_6.33 ;
    %load/vec4 v0x55dbbc87f350_0;
    %pad/u 32;
    %pushi/vec4 0, 0, 32;
    %cmp/e;
    %flag_get/vec4 4;
    %load/vec4 v0x55dbbc87f410_0;
    %pad/u 32;
    %pushi/vec4 1, 0, 32;
    %cmp/e;
    %flag_get/vec4 4;
    %and;
    %flag_set/vec4 8;
    %jmp/0xz  T_6.35, 8;
    %load/vec4 v0x55dbbc87ef20_0;
    %store/vec4 v0x55dbbc87efe0_0, 0, 8;
    %pushi/vec4 1, 0, 1;
    %store/vec4 v0x55dbbc87f4d0_0, 0, 1;
    %pushi/vec4 8, 0, 6;
    %store/vec4 v0x55dbbc87f110_0, 0, 6;
    %jmp T_6.36;
T_6.35 ;
    %load/vec4 v0x55dbbc87f350_0;
    %pad/u 32;
    %pushi/vec4 1, 0, 32;
    %cmp/e;
    %flag_get/vec4 4;
    %load/vec4 v0x55dbbc87f410_0;
    %pad/u 32;
    %pushi/vec4 1, 0, 32;
    %cmp/e;
    %flag_get/vec4 4;
    %and;
    %flag_set/vec4 8;
    %jmp/0xz  T_6.37, 8;
    %load/vec4 v0x55dbbc87ee50_0;
    %store/vec4 v0x55dbbc87efe0_0, 0, 8;
    %pushi/vec4 1, 0, 1;
    %store/vec4 v0x55dbbc87f4d0_0, 0, 1;
    %pushi/vec4 4, 0, 6;
    %store/vec4 v0x55dbbc87f110_0, 0, 6;
T_6.37 ;
T_6.36 ;
T_6.34 ;
    %jmp T_6.6;
T_6.6 ;
    %pop/vec4 1;
    %jmp T_6;
    .thread T_6, $push;
    .scope S_0x55dbbc891440;
T_7 ;
    %wait E_0x55dbbc812730;
    %load/vec4 v0x55dbbc891730_0;
    %assign/vec4 v0x55dbbc891820_0, 0;
    %jmp T_7;
    .thread T_7;
    .scope S_0x55dbbc893e70;
T_8 ;
    %vpi_call 8 22 "$dumpfile", "proy1.vcd" {0 0 0};
    %vpi_call 8 23 "$dumpvars" {0 0 0};
    %vpi_call 8 25 "$display", "\011\011\011clk,\011clks,\011reset" {0 0 0};
    %vpi_call 8 27 "$monitor", $time, "\011%b\011%b\011\011%b\011\011%b\011%b", v0x55dbbc894570_0, v0x55dbbc894610_0, v0x55dbbc894210_0, v0x55dbbc894350_0, v0x55dbbc894c40_0 {0 0 0};
    %pushi/vec4 0, 0, 8;
    %store/vec4 v0x55dbbc8947f0_0, 0, 8;
    %pushi/vec4 0, 0, 8;
    %store/vec4 v0x55dbbc894920_0, 0, 8;
    %pushi/vec4 0, 0, 1;
    %store/vec4 v0x55dbbc894ce0_0, 0, 1;
    %pushi/vec4 0, 0, 1;
    %store/vec4 v0x55dbbc894e10_0, 0, 1;
    %pushi/vec4 0, 0, 1;
    %store/vec4 v0x55dbbc894c40_0, 0, 1;
    %wait E_0x55dbbc812730;
    %pushi/vec4 17, 0, 8;
    %assign/vec4 v0x55dbbc8947f0_0, 0;
    %pushi/vec4 255, 0, 8;
    %assign/vec4 v0x55dbbc894920_0, 0;
    %wait E_0x55dbbc812730;
    %pushi/vec4 17, 0, 8;
    %assign/vec4 v0x55dbbc8947f0_0, 0;
    %pushi/vec4 255, 0, 8;
    %assign/vec4 v0x55dbbc894920_0, 0;
    %wait E_0x55dbbc812730;
    %pushi/vec4 17, 0, 8;
    %assign/vec4 v0x55dbbc8947f0_0, 0;
    %pushi/vec4 255, 0, 8;
    %assign/vec4 v0x55dbbc894920_0, 0;
    %wait E_0x55dbbc812730;
    %pushi/vec4 17, 0, 8;
    %assign/vec4 v0x55dbbc8947f0_0, 0;
    %pushi/vec4 255, 0, 8;
    %assign/vec4 v0x55dbbc894920_0, 0;
    %pushi/vec4 1, 0, 1;
    %assign/vec4 v0x55dbbc894c40_0, 0;
    %wait E_0x55dbbc812730;
    %pushi/vec4 18, 0, 8;
    %assign/vec4 v0x55dbbc8947f0_0, 0;
    %pushi/vec4 254, 0, 8;
    %assign/vec4 v0x55dbbc894920_0, 0;
    %wait E_0x55dbbc812730;
    %pushi/vec4 18, 0, 8;
    %assign/vec4 v0x55dbbc8947f0_0, 0;
    %pushi/vec4 254, 0, 8;
    %assign/vec4 v0x55dbbc894920_0, 0;
    %wait E_0x55dbbc812730;
    %pushi/vec4 18, 0, 8;
    %assign/vec4 v0x55dbbc8947f0_0, 0;
    %pushi/vec4 254, 0, 8;
    %assign/vec4 v0x55dbbc894920_0, 0;
    %wait E_0x55dbbc812730;
    %pushi/vec4 18, 0, 8;
    %assign/vec4 v0x55dbbc8947f0_0, 0;
    %pushi/vec4 254, 0, 8;
    %assign/vec4 v0x55dbbc894920_0, 0;
    %wait E_0x55dbbc812730;
    %pushi/vec4 18, 0, 8;
    %assign/vec4 v0x55dbbc8947f0_0, 0;
    %pushi/vec4 254, 0, 8;
    %assign/vec4 v0x55dbbc894920_0, 0;
    %wait E_0x55dbbc812730;
    %pushi/vec4 18, 0, 8;
    %assign/vec4 v0x55dbbc8947f0_0, 0;
    %pushi/vec4 254, 0, 8;
    %assign/vec4 v0x55dbbc894920_0, 0;
    %wait E_0x55dbbc812730;
    %pushi/vec4 18, 0, 8;
    %assign/vec4 v0x55dbbc8947f0_0, 0;
    %pushi/vec4 254, 0, 8;
    %assign/vec4 v0x55dbbc894920_0, 0;
    %wait E_0x55dbbc812730;
    %pushi/vec4 18, 0, 8;
    %assign/vec4 v0x55dbbc8947f0_0, 0;
    %pushi/vec4 254, 0, 8;
    %assign/vec4 v0x55dbbc894920_0, 0;
    %wait E_0x55dbbc812730;
    %pushi/vec4 19, 0, 8;
    %assign/vec4 v0x55dbbc8947f0_0, 0;
    %pushi/vec4 253, 0, 8;
    %assign/vec4 v0x55dbbc894920_0, 0;
    %pushi/vec4 1, 0, 1;
    %assign/vec4 v0x55dbbc894ce0_0, 0;
    %wait E_0x55dbbc812730;
    %pushi/vec4 19, 0, 8;
    %assign/vec4 v0x55dbbc8947f0_0, 0;
    %pushi/vec4 253, 0, 8;
    %assign/vec4 v0x55dbbc894920_0, 0;
    %pushi/vec4 1, 0, 1;
    %assign/vec4 v0x55dbbc894ce0_0, 0;
    %wait E_0x55dbbc812730;
    %pushi/vec4 19, 0, 8;
    %assign/vec4 v0x55dbbc8947f0_0, 0;
    %pushi/vec4 253, 0, 8;
    %assign/vec4 v0x55dbbc894920_0, 0;
    %pushi/vec4 1, 0, 1;
    %assign/vec4 v0x55dbbc894ce0_0, 0;
    %wait E_0x55dbbc812730;
    %pushi/vec4 19, 0, 8;
    %assign/vec4 v0x55dbbc8947f0_0, 0;
    %pushi/vec4 253, 0, 8;
    %assign/vec4 v0x55dbbc894920_0, 0;
    %pushi/vec4 1, 0, 1;
    %assign/vec4 v0x55dbbc894ce0_0, 0;
    %wait E_0x55dbbc812730;
    %pushi/vec4 19, 0, 8;
    %assign/vec4 v0x55dbbc8947f0_0, 0;
    %pushi/vec4 253, 0, 8;
    %assign/vec4 v0x55dbbc894920_0, 0;
    %pushi/vec4 1, 0, 1;
    %assign/vec4 v0x55dbbc894ce0_0, 0;
    %wait E_0x55dbbc812730;
    %pushi/vec4 19, 0, 8;
    %assign/vec4 v0x55dbbc8947f0_0, 0;
    %pushi/vec4 253, 0, 8;
    %assign/vec4 v0x55dbbc894920_0, 0;
    %pushi/vec4 1, 0, 1;
    %assign/vec4 v0x55dbbc894ce0_0, 0;
    %wait E_0x55dbbc812730;
    %pushi/vec4 19, 0, 8;
    %assign/vec4 v0x55dbbc8947f0_0, 0;
    %pushi/vec4 253, 0, 8;
    %assign/vec4 v0x55dbbc894920_0, 0;
    %pushi/vec4 1, 0, 1;
    %assign/vec4 v0x55dbbc894ce0_0, 0;
    %wait E_0x55dbbc812730;
    %pushi/vec4 19, 0, 8;
    %assign/vec4 v0x55dbbc8947f0_0, 0;
    %pushi/vec4 253, 0, 8;
    %assign/vec4 v0x55dbbc894920_0, 0;
    %pushi/vec4 1, 0, 1;
    %assign/vec4 v0x55dbbc894ce0_0, 0;
    %wait E_0x55dbbc812730;
    %pushi/vec4 20, 0, 8;
    %assign/vec4 v0x55dbbc8947f0_0, 0;
    %pushi/vec4 252, 0, 8;
    %assign/vec4 v0x55dbbc894920_0, 0;
    %wait E_0x55dbbc812730;
    %pushi/vec4 20, 0, 8;
    %assign/vec4 v0x55dbbc8947f0_0, 0;
    %pushi/vec4 252, 0, 8;
    %assign/vec4 v0x55dbbc894920_0, 0;
    %wait E_0x55dbbc812730;
    %pushi/vec4 20, 0, 8;
    %assign/vec4 v0x55dbbc8947f0_0, 0;
    %pushi/vec4 252, 0, 8;
    %assign/vec4 v0x55dbbc894920_0, 0;
    %wait E_0x55dbbc812730;
    %pushi/vec4 20, 0, 8;
    %assign/vec4 v0x55dbbc8947f0_0, 0;
    %pushi/vec4 252, 0, 8;
    %assign/vec4 v0x55dbbc894920_0, 0;
    %wait E_0x55dbbc812730;
    %pushi/vec4 20, 0, 8;
    %assign/vec4 v0x55dbbc8947f0_0, 0;
    %pushi/vec4 252, 0, 8;
    %assign/vec4 v0x55dbbc894920_0, 0;
    %wait E_0x55dbbc812730;
    %pushi/vec4 20, 0, 8;
    %assign/vec4 v0x55dbbc8947f0_0, 0;
    %pushi/vec4 252, 0, 8;
    %assign/vec4 v0x55dbbc894920_0, 0;
    %wait E_0x55dbbc812730;
    %pushi/vec4 20, 0, 8;
    %assign/vec4 v0x55dbbc8947f0_0, 0;
    %pushi/vec4 252, 0, 8;
    %assign/vec4 v0x55dbbc894920_0, 0;
    %wait E_0x55dbbc812730;
    %pushi/vec4 20, 0, 8;
    %assign/vec4 v0x55dbbc8947f0_0, 0;
    %pushi/vec4 252, 0, 8;
    %assign/vec4 v0x55dbbc894920_0, 0;
    %wait E_0x55dbbc812730;
    %pushi/vec4 21, 0, 8;
    %assign/vec4 v0x55dbbc8947f0_0, 0;
    %pushi/vec4 251, 0, 8;
    %assign/vec4 v0x55dbbc894920_0, 0;
    %pushi/vec4 0, 0, 1;
    %assign/vec4 v0x55dbbc894ce0_0, 0;
    %wait E_0x55dbbc812730;
    %pushi/vec4 21, 0, 8;
    %assign/vec4 v0x55dbbc8947f0_0, 0;
    %pushi/vec4 251, 0, 8;
    %assign/vec4 v0x55dbbc894920_0, 0;
    %pushi/vec4 0, 0, 1;
    %assign/vec4 v0x55dbbc894ce0_0, 0;
    %wait E_0x55dbbc812730;
    %pushi/vec4 21, 0, 8;
    %assign/vec4 v0x55dbbc8947f0_0, 0;
    %pushi/vec4 251, 0, 8;
    %assign/vec4 v0x55dbbc894920_0, 0;
    %pushi/vec4 0, 0, 1;
    %assign/vec4 v0x55dbbc894ce0_0, 0;
    %wait E_0x55dbbc812730;
    %pushi/vec4 21, 0, 8;
    %assign/vec4 v0x55dbbc8947f0_0, 0;
    %pushi/vec4 251, 0, 8;
    %assign/vec4 v0x55dbbc894920_0, 0;
    %pushi/vec4 0, 0, 1;
    %assign/vec4 v0x55dbbc894ce0_0, 0;
    %wait E_0x55dbbc812730;
    %pushi/vec4 21, 0, 8;
    %assign/vec4 v0x55dbbc8947f0_0, 0;
    %pushi/vec4 251, 0, 8;
    %assign/vec4 v0x55dbbc894920_0, 0;
    %pushi/vec4 0, 0, 1;
    %assign/vec4 v0x55dbbc894ce0_0, 0;
    %wait E_0x55dbbc812730;
    %pushi/vec4 21, 0, 8;
    %assign/vec4 v0x55dbbc8947f0_0, 0;
    %pushi/vec4 251, 0, 8;
    %assign/vec4 v0x55dbbc894920_0, 0;
    %pushi/vec4 0, 0, 1;
    %assign/vec4 v0x55dbbc894ce0_0, 0;
    %wait E_0x55dbbc812730;
    %pushi/vec4 21, 0, 8;
    %assign/vec4 v0x55dbbc8947f0_0, 0;
    %pushi/vec4 251, 0, 8;
    %assign/vec4 v0x55dbbc894920_0, 0;
    %pushi/vec4 0, 0, 1;
    %assign/vec4 v0x55dbbc894ce0_0, 0;
    %wait E_0x55dbbc812730;
    %pushi/vec4 21, 0, 8;
    %assign/vec4 v0x55dbbc8947f0_0, 0;
    %pushi/vec4 251, 0, 8;
    %assign/vec4 v0x55dbbc894920_0, 0;
    %pushi/vec4 0, 0, 1;
    %assign/vec4 v0x55dbbc894ce0_0, 0;
    %wait E_0x55dbbc812730;
    %pushi/vec4 22, 0, 8;
    %assign/vec4 v0x55dbbc8947f0_0, 0;
    %pushi/vec4 250, 0, 8;
    %assign/vec4 v0x55dbbc894920_0, 0;
    %wait E_0x55dbbc812730;
    %pushi/vec4 22, 0, 8;
    %assign/vec4 v0x55dbbc8947f0_0, 0;
    %pushi/vec4 250, 0, 8;
    %assign/vec4 v0x55dbbc894920_0, 0;
    %wait E_0x55dbbc812730;
    %pushi/vec4 22, 0, 8;
    %assign/vec4 v0x55dbbc8947f0_0, 0;
    %pushi/vec4 250, 0, 8;
    %assign/vec4 v0x55dbbc894920_0, 0;
    %wait E_0x55dbbc812730;
    %pushi/vec4 22, 0, 8;
    %assign/vec4 v0x55dbbc8947f0_0, 0;
    %pushi/vec4 250, 0, 8;
    %assign/vec4 v0x55dbbc894920_0, 0;
    %wait E_0x55dbbc812730;
    %pushi/vec4 22, 0, 8;
    %assign/vec4 v0x55dbbc8947f0_0, 0;
    %pushi/vec4 250, 0, 8;
    %assign/vec4 v0x55dbbc894920_0, 0;
    %wait E_0x55dbbc812730;
    %pushi/vec4 22, 0, 8;
    %assign/vec4 v0x55dbbc8947f0_0, 0;
    %pushi/vec4 250, 0, 8;
    %assign/vec4 v0x55dbbc894920_0, 0;
    %wait E_0x55dbbc812730;
    %pushi/vec4 22, 0, 8;
    %assign/vec4 v0x55dbbc8947f0_0, 0;
    %pushi/vec4 250, 0, 8;
    %assign/vec4 v0x55dbbc894920_0, 0;
    %wait E_0x55dbbc812730;
    %pushi/vec4 22, 0, 8;
    %assign/vec4 v0x55dbbc8947f0_0, 0;
    %pushi/vec4 250, 0, 8;
    %assign/vec4 v0x55dbbc894920_0, 0;
    %wait E_0x55dbbc812730;
    %pushi/vec4 23, 0, 8;
    %assign/vec4 v0x55dbbc8947f0_0, 0;
    %pushi/vec4 249, 0, 8;
    %assign/vec4 v0x55dbbc894920_0, 0;
    %pushi/vec4 1, 0, 1;
    %assign/vec4 v0x55dbbc894e10_0, 0;
    %wait E_0x55dbbc812730;
    %pushi/vec4 23, 0, 8;
    %assign/vec4 v0x55dbbc8947f0_0, 0;
    %pushi/vec4 249, 0, 8;
    %assign/vec4 v0x55dbbc894920_0, 0;
    %pushi/vec4 1, 0, 1;
    %assign/vec4 v0x55dbbc894e10_0, 0;
    %wait E_0x55dbbc812730;
    %pushi/vec4 23, 0, 8;
    %assign/vec4 v0x55dbbc8947f0_0, 0;
    %pushi/vec4 249, 0, 8;
    %assign/vec4 v0x55dbbc894920_0, 0;
    %pushi/vec4 1, 0, 1;
    %assign/vec4 v0x55dbbc894e10_0, 0;
    %wait E_0x55dbbc812730;
    %pushi/vec4 23, 0, 8;
    %assign/vec4 v0x55dbbc8947f0_0, 0;
    %pushi/vec4 249, 0, 8;
    %assign/vec4 v0x55dbbc894920_0, 0;
    %pushi/vec4 1, 0, 1;
    %assign/vec4 v0x55dbbc894e10_0, 0;
    %wait E_0x55dbbc812730;
    %pushi/vec4 23, 0, 8;
    %assign/vec4 v0x55dbbc8947f0_0, 0;
    %pushi/vec4 249, 0, 8;
    %assign/vec4 v0x55dbbc894920_0, 0;
    %pushi/vec4 1, 0, 1;
    %assign/vec4 v0x55dbbc894e10_0, 0;
    %wait E_0x55dbbc812730;
    %pushi/vec4 23, 0, 8;
    %assign/vec4 v0x55dbbc8947f0_0, 0;
    %pushi/vec4 249, 0, 8;
    %assign/vec4 v0x55dbbc894920_0, 0;
    %pushi/vec4 1, 0, 1;
    %assign/vec4 v0x55dbbc894e10_0, 0;
    %wait E_0x55dbbc812730;
    %pushi/vec4 23, 0, 8;
    %assign/vec4 v0x55dbbc8947f0_0, 0;
    %pushi/vec4 249, 0, 8;
    %assign/vec4 v0x55dbbc894920_0, 0;
    %pushi/vec4 1, 0, 1;
    %assign/vec4 v0x55dbbc894e10_0, 0;
    %wait E_0x55dbbc812730;
    %pushi/vec4 23, 0, 8;
    %assign/vec4 v0x55dbbc8947f0_0, 0;
    %pushi/vec4 249, 0, 8;
    %assign/vec4 v0x55dbbc894920_0, 0;
    %pushi/vec4 1, 0, 1;
    %assign/vec4 v0x55dbbc894e10_0, 0;
    %wait E_0x55dbbc812730;
    %pushi/vec4 24, 0, 8;
    %assign/vec4 v0x55dbbc8947f0_0, 0;
    %pushi/vec4 248, 0, 8;
    %assign/vec4 v0x55dbbc894920_0, 0;
    %wait E_0x55dbbc812730;
    %pushi/vec4 24, 0, 8;
    %assign/vec4 v0x55dbbc8947f0_0, 0;
    %pushi/vec4 248, 0, 8;
    %assign/vec4 v0x55dbbc894920_0, 0;
    %wait E_0x55dbbc812730;
    %pushi/vec4 24, 0, 8;
    %assign/vec4 v0x55dbbc8947f0_0, 0;
    %pushi/vec4 248, 0, 8;
    %assign/vec4 v0x55dbbc894920_0, 0;
    %wait E_0x55dbbc812730;
    %pushi/vec4 24, 0, 8;
    %assign/vec4 v0x55dbbc8947f0_0, 0;
    %pushi/vec4 248, 0, 8;
    %assign/vec4 v0x55dbbc894920_0, 0;
    %wait E_0x55dbbc812730;
    %pushi/vec4 24, 0, 8;
    %assign/vec4 v0x55dbbc8947f0_0, 0;
    %pushi/vec4 248, 0, 8;
    %assign/vec4 v0x55dbbc894920_0, 0;
    %wait E_0x55dbbc812730;
    %pushi/vec4 24, 0, 8;
    %assign/vec4 v0x55dbbc8947f0_0, 0;
    %pushi/vec4 248, 0, 8;
    %assign/vec4 v0x55dbbc894920_0, 0;
    %wait E_0x55dbbc812730;
    %pushi/vec4 24, 0, 8;
    %assign/vec4 v0x55dbbc8947f0_0, 0;
    %pushi/vec4 248, 0, 8;
    %assign/vec4 v0x55dbbc894920_0, 0;
    %wait E_0x55dbbc812730;
    %pushi/vec4 24, 0, 8;
    %assign/vec4 v0x55dbbc8947f0_0, 0;
    %pushi/vec4 248, 0, 8;
    %assign/vec4 v0x55dbbc894920_0, 0;
    %wait E_0x55dbbc812730;
    %pushi/vec4 25, 0, 8;
    %assign/vec4 v0x55dbbc8947f0_0, 0;
    %pushi/vec4 247, 0, 8;
    %assign/vec4 v0x55dbbc894920_0, 0;
    %pushi/vec4 0, 0, 1;
    %assign/vec4 v0x55dbbc894e10_0, 0;
    %wait E_0x55dbbc812730;
    %pushi/vec4 25, 0, 8;
    %assign/vec4 v0x55dbbc8947f0_0, 0;
    %pushi/vec4 247, 0, 8;
    %assign/vec4 v0x55dbbc894920_0, 0;
    %pushi/vec4 0, 0, 1;
    %assign/vec4 v0x55dbbc894e10_0, 0;
    %wait E_0x55dbbc812730;
    %pushi/vec4 25, 0, 8;
    %assign/vec4 v0x55dbbc8947f0_0, 0;
    %pushi/vec4 247, 0, 8;
    %assign/vec4 v0x55dbbc894920_0, 0;
    %pushi/vec4 0, 0, 1;
    %assign/vec4 v0x55dbbc894e10_0, 0;
    %wait E_0x55dbbc812730;
    %pushi/vec4 25, 0, 8;
    %assign/vec4 v0x55dbbc8947f0_0, 0;
    %pushi/vec4 247, 0, 8;
    %assign/vec4 v0x55dbbc894920_0, 0;
    %pushi/vec4 0, 0, 1;
    %assign/vec4 v0x55dbbc894e10_0, 0;
    %wait E_0x55dbbc812730;
    %pushi/vec4 25, 0, 8;
    %assign/vec4 v0x55dbbc8947f0_0, 0;
    %pushi/vec4 247, 0, 8;
    %assign/vec4 v0x55dbbc894920_0, 0;
    %pushi/vec4 0, 0, 1;
    %assign/vec4 v0x55dbbc894e10_0, 0;
    %wait E_0x55dbbc812730;
    %pushi/vec4 25, 0, 8;
    %assign/vec4 v0x55dbbc8947f0_0, 0;
    %pushi/vec4 247, 0, 8;
    %assign/vec4 v0x55dbbc894920_0, 0;
    %pushi/vec4 0, 0, 1;
    %assign/vec4 v0x55dbbc894e10_0, 0;
    %wait E_0x55dbbc812730;
    %pushi/vec4 25, 0, 8;
    %assign/vec4 v0x55dbbc8947f0_0, 0;
    %pushi/vec4 247, 0, 8;
    %assign/vec4 v0x55dbbc894920_0, 0;
    %pushi/vec4 0, 0, 1;
    %assign/vec4 v0x55dbbc894e10_0, 0;
    %wait E_0x55dbbc812730;
    %pushi/vec4 25, 0, 8;
    %assign/vec4 v0x55dbbc8947f0_0, 0;
    %pushi/vec4 247, 0, 8;
    %assign/vec4 v0x55dbbc894920_0, 0;
    %pushi/vec4 0, 0, 1;
    %assign/vec4 v0x55dbbc894e10_0, 0;
    %wait E_0x55dbbc812730;
    %pushi/vec4 26, 0, 8;
    %assign/vec4 v0x55dbbc8947f0_0, 0;
    %pushi/vec4 246, 0, 8;
    %assign/vec4 v0x55dbbc894920_0, 0;
    %wait E_0x55dbbc812730;
    %pushi/vec4 26, 0, 8;
    %assign/vec4 v0x55dbbc8947f0_0, 0;
    %pushi/vec4 246, 0, 8;
    %assign/vec4 v0x55dbbc894920_0, 0;
    %wait E_0x55dbbc812730;
    %pushi/vec4 26, 0, 8;
    %assign/vec4 v0x55dbbc8947f0_0, 0;
    %pushi/vec4 246, 0, 8;
    %assign/vec4 v0x55dbbc894920_0, 0;
    %wait E_0x55dbbc812730;
    %pushi/vec4 26, 0, 8;
    %assign/vec4 v0x55dbbc8947f0_0, 0;
    %pushi/vec4 246, 0, 8;
    %assign/vec4 v0x55dbbc894920_0, 0;
    %wait E_0x55dbbc812730;
    %pushi/vec4 26, 0, 8;
    %assign/vec4 v0x55dbbc8947f0_0, 0;
    %pushi/vec4 246, 0, 8;
    %assign/vec4 v0x55dbbc894920_0, 0;
    %wait E_0x55dbbc812730;
    %pushi/vec4 26, 0, 8;
    %assign/vec4 v0x55dbbc8947f0_0, 0;
    %pushi/vec4 246, 0, 8;
    %assign/vec4 v0x55dbbc894920_0, 0;
    %wait E_0x55dbbc812730;
    %pushi/vec4 26, 0, 8;
    %assign/vec4 v0x55dbbc8947f0_0, 0;
    %pushi/vec4 246, 0, 8;
    %assign/vec4 v0x55dbbc894920_0, 0;
    %wait E_0x55dbbc812730;
    %pushi/vec4 26, 0, 8;
    %assign/vec4 v0x55dbbc8947f0_0, 0;
    %pushi/vec4 246, 0, 8;
    %assign/vec4 v0x55dbbc894920_0, 0;
    %wait E_0x55dbbc812730;
    %pushi/vec4 27, 0, 8;
    %assign/vec4 v0x55dbbc8947f0_0, 0;
    %pushi/vec4 245, 0, 8;
    %assign/vec4 v0x55dbbc894920_0, 0;
    %pushi/vec4 1, 0, 1;
    %assign/vec4 v0x55dbbc894ce0_0, 0;
    %pushi/vec4 1, 0, 1;
    %assign/vec4 v0x55dbbc894e10_0, 0;
    %wait E_0x55dbbc812730;
    %pushi/vec4 27, 0, 8;
    %assign/vec4 v0x55dbbc8947f0_0, 0;
    %pushi/vec4 245, 0, 8;
    %assign/vec4 v0x55dbbc894920_0, 0;
    %wait E_0x55dbbc812730;
    %pushi/vec4 27, 0, 8;
    %assign/vec4 v0x55dbbc8947f0_0, 0;
    %pushi/vec4 245, 0, 8;
    %assign/vec4 v0x55dbbc894920_0, 0;
    %wait E_0x55dbbc812730;
    %pushi/vec4 27, 0, 8;
    %assign/vec4 v0x55dbbc8947f0_0, 0;
    %pushi/vec4 245, 0, 8;
    %assign/vec4 v0x55dbbc894920_0, 0;
    %wait E_0x55dbbc812730;
    %pushi/vec4 27, 0, 8;
    %assign/vec4 v0x55dbbc8947f0_0, 0;
    %pushi/vec4 245, 0, 8;
    %assign/vec4 v0x55dbbc894920_0, 0;
    %wait E_0x55dbbc812730;
    %pushi/vec4 27, 0, 8;
    %assign/vec4 v0x55dbbc8947f0_0, 0;
    %pushi/vec4 245, 0, 8;
    %assign/vec4 v0x55dbbc894920_0, 0;
    %wait E_0x55dbbc812730;
    %pushi/vec4 27, 0, 8;
    %assign/vec4 v0x55dbbc8947f0_0, 0;
    %pushi/vec4 245, 0, 8;
    %assign/vec4 v0x55dbbc894920_0, 0;
    %wait E_0x55dbbc812730;
    %pushi/vec4 27, 0, 8;
    %assign/vec4 v0x55dbbc8947f0_0, 0;
    %pushi/vec4 245, 0, 8;
    %assign/vec4 v0x55dbbc894920_0, 0;
    %wait E_0x55dbbc812730;
    %pushi/vec4 28, 0, 8;
    %assign/vec4 v0x55dbbc8947f0_0, 0;
    %pushi/vec4 244, 0, 8;
    %assign/vec4 v0x55dbbc894920_0, 0;
    %pushi/vec4 0, 0, 1;
    %assign/vec4 v0x55dbbc894e10_0, 0;
    %wait E_0x55dbbc812730;
    %pushi/vec4 28, 0, 8;
    %assign/vec4 v0x55dbbc8947f0_0, 0;
    %pushi/vec4 244, 0, 8;
    %assign/vec4 v0x55dbbc894920_0, 0;
    %wait E_0x55dbbc812730;
    %pushi/vec4 28, 0, 8;
    %assign/vec4 v0x55dbbc8947f0_0, 0;
    %pushi/vec4 244, 0, 8;
    %assign/vec4 v0x55dbbc894920_0, 0;
    %wait E_0x55dbbc812730;
    %pushi/vec4 28, 0, 8;
    %assign/vec4 v0x55dbbc8947f0_0, 0;
    %pushi/vec4 244, 0, 8;
    %assign/vec4 v0x55dbbc894920_0, 0;
    %wait E_0x55dbbc812730;
    %pushi/vec4 28, 0, 8;
    %assign/vec4 v0x55dbbc8947f0_0, 0;
    %pushi/vec4 244, 0, 8;
    %assign/vec4 v0x55dbbc894920_0, 0;
    %wait E_0x55dbbc812730;
    %pushi/vec4 28, 0, 8;
    %assign/vec4 v0x55dbbc8947f0_0, 0;
    %pushi/vec4 244, 0, 8;
    %assign/vec4 v0x55dbbc894920_0, 0;
    %wait E_0x55dbbc812730;
    %pushi/vec4 28, 0, 8;
    %assign/vec4 v0x55dbbc8947f0_0, 0;
    %pushi/vec4 244, 0, 8;
    %assign/vec4 v0x55dbbc894920_0, 0;
    %wait E_0x55dbbc812730;
    %pushi/vec4 28, 0, 8;
    %assign/vec4 v0x55dbbc8947f0_0, 0;
    %pushi/vec4 244, 0, 8;
    %assign/vec4 v0x55dbbc894920_0, 0;
    %wait E_0x55dbbc812730;
    %pushi/vec4 29, 0, 8;
    %assign/vec4 v0x55dbbc8947f0_0, 0;
    %pushi/vec4 243, 0, 8;
    %assign/vec4 v0x55dbbc894920_0, 0;
    %pushi/vec4 0, 0, 1;
    %assign/vec4 v0x55dbbc894ce0_0, 0;
    %wait E_0x55dbbc812730;
    %pushi/vec4 29, 0, 8;
    %assign/vec4 v0x55dbbc8947f0_0, 0;
    %pushi/vec4 243, 0, 8;
    %assign/vec4 v0x55dbbc894920_0, 0;
    %wait E_0x55dbbc812730;
    %pushi/vec4 29, 0, 8;
    %assign/vec4 v0x55dbbc8947f0_0, 0;
    %pushi/vec4 243, 0, 8;
    %assign/vec4 v0x55dbbc894920_0, 0;
    %wait E_0x55dbbc812730;
    %pushi/vec4 29, 0, 8;
    %assign/vec4 v0x55dbbc8947f0_0, 0;
    %pushi/vec4 243, 0, 8;
    %assign/vec4 v0x55dbbc894920_0, 0;
    %wait E_0x55dbbc812730;
    %pushi/vec4 29, 0, 8;
    %assign/vec4 v0x55dbbc8947f0_0, 0;
    %pushi/vec4 243, 0, 8;
    %assign/vec4 v0x55dbbc894920_0, 0;
    %wait E_0x55dbbc812730;
    %pushi/vec4 29, 0, 8;
    %assign/vec4 v0x55dbbc8947f0_0, 0;
    %pushi/vec4 243, 0, 8;
    %assign/vec4 v0x55dbbc894920_0, 0;
    %wait E_0x55dbbc812730;
    %pushi/vec4 29, 0, 8;
    %assign/vec4 v0x55dbbc8947f0_0, 0;
    %pushi/vec4 243, 0, 8;
    %assign/vec4 v0x55dbbc894920_0, 0;
    %wait E_0x55dbbc812730;
    %pushi/vec4 29, 0, 8;
    %assign/vec4 v0x55dbbc8947f0_0, 0;
    %pushi/vec4 243, 0, 8;
    %assign/vec4 v0x55dbbc894920_0, 0;
    %wait E_0x55dbbc812730;
    %pushi/vec4 30, 0, 8;
    %assign/vec4 v0x55dbbc8947f0_0, 0;
    %pushi/vec4 242, 0, 8;
    %assign/vec4 v0x55dbbc894920_0, 0;
    %wait E_0x55dbbc812730;
    %pushi/vec4 30, 0, 8;
    %assign/vec4 v0x55dbbc8947f0_0, 0;
    %pushi/vec4 242, 0, 8;
    %assign/vec4 v0x55dbbc894920_0, 0;
    %wait E_0x55dbbc812730;
    %pushi/vec4 30, 0, 8;
    %assign/vec4 v0x55dbbc8947f0_0, 0;
    %pushi/vec4 242, 0, 8;
    %assign/vec4 v0x55dbbc894920_0, 0;
    %wait E_0x55dbbc812730;
    %pushi/vec4 30, 0, 8;
    %assign/vec4 v0x55dbbc8947f0_0, 0;
    %pushi/vec4 242, 0, 8;
    %assign/vec4 v0x55dbbc894920_0, 0;
    %wait E_0x55dbbc812730;
    %pushi/vec4 30, 0, 8;
    %assign/vec4 v0x55dbbc8947f0_0, 0;
    %pushi/vec4 242, 0, 8;
    %assign/vec4 v0x55dbbc894920_0, 0;
    %wait E_0x55dbbc812730;
    %pushi/vec4 30, 0, 8;
    %assign/vec4 v0x55dbbc8947f0_0, 0;
    %pushi/vec4 242, 0, 8;
    %assign/vec4 v0x55dbbc894920_0, 0;
    %wait E_0x55dbbc812730;
    %pushi/vec4 30, 0, 8;
    %assign/vec4 v0x55dbbc8947f0_0, 0;
    %pushi/vec4 242, 0, 8;
    %assign/vec4 v0x55dbbc894920_0, 0;
    %wait E_0x55dbbc812730;
    %pushi/vec4 30, 0, 8;
    %assign/vec4 v0x55dbbc8947f0_0, 0;
    %pushi/vec4 242, 0, 8;
    %assign/vec4 v0x55dbbc894920_0, 0;
    %wait E_0x55dbbc812730;
    %pushi/vec4 31, 0, 8;
    %assign/vec4 v0x55dbbc8947f0_0, 0;
    %pushi/vec4 241, 0, 8;
    %assign/vec4 v0x55dbbc894920_0, 0;
    %pushi/vec4 1, 0, 1;
    %assign/vec4 v0x55dbbc894ce0_0, 0;
    %pushi/vec4 1, 0, 1;
    %assign/vec4 v0x55dbbc894e10_0, 0;
    %wait E_0x55dbbc812730;
    %pushi/vec4 31, 0, 8;
    %assign/vec4 v0x55dbbc8947f0_0, 0;
    %pushi/vec4 241, 0, 8;
    %assign/vec4 v0x55dbbc894920_0, 0;
    %wait E_0x55dbbc812730;
    %pushi/vec4 31, 0, 8;
    %assign/vec4 v0x55dbbc8947f0_0, 0;
    %pushi/vec4 241, 0, 8;
    %assign/vec4 v0x55dbbc894920_0, 0;
    %wait E_0x55dbbc812730;
    %pushi/vec4 31, 0, 8;
    %assign/vec4 v0x55dbbc8947f0_0, 0;
    %pushi/vec4 241, 0, 8;
    %assign/vec4 v0x55dbbc894920_0, 0;
    %wait E_0x55dbbc812730;
    %pushi/vec4 31, 0, 8;
    %assign/vec4 v0x55dbbc8947f0_0, 0;
    %pushi/vec4 241, 0, 8;
    %assign/vec4 v0x55dbbc894920_0, 0;
    %wait E_0x55dbbc812730;
    %pushi/vec4 31, 0, 8;
    %assign/vec4 v0x55dbbc8947f0_0, 0;
    %pushi/vec4 241, 0, 8;
    %assign/vec4 v0x55dbbc894920_0, 0;
    %wait E_0x55dbbc812730;
    %pushi/vec4 31, 0, 8;
    %assign/vec4 v0x55dbbc8947f0_0, 0;
    %pushi/vec4 241, 0, 8;
    %assign/vec4 v0x55dbbc894920_0, 0;
    %wait E_0x55dbbc812730;
    %pushi/vec4 31, 0, 8;
    %assign/vec4 v0x55dbbc8947f0_0, 0;
    %pushi/vec4 241, 0, 8;
    %assign/vec4 v0x55dbbc894920_0, 0;
    %wait E_0x55dbbc812730;
    %pushi/vec4 32, 0, 8;
    %assign/vec4 v0x55dbbc8947f0_0, 0;
    %pushi/vec4 240, 0, 8;
    %assign/vec4 v0x55dbbc894920_0, 0;
    %pushi/vec4 0, 0, 1;
    %assign/vec4 v0x55dbbc894e10_0, 0;
    %wait E_0x55dbbc812730;
    %pushi/vec4 32, 0, 8;
    %assign/vec4 v0x55dbbc8947f0_0, 0;
    %pushi/vec4 240, 0, 8;
    %assign/vec4 v0x55dbbc894920_0, 0;
    %wait E_0x55dbbc812730;
    %pushi/vec4 32, 0, 8;
    %assign/vec4 v0x55dbbc8947f0_0, 0;
    %pushi/vec4 240, 0, 8;
    %assign/vec4 v0x55dbbc894920_0, 0;
    %wait E_0x55dbbc812730;
    %pushi/vec4 32, 0, 8;
    %assign/vec4 v0x55dbbc8947f0_0, 0;
    %pushi/vec4 240, 0, 8;
    %assign/vec4 v0x55dbbc894920_0, 0;
    %wait E_0x55dbbc812730;
    %pushi/vec4 32, 0, 8;
    %assign/vec4 v0x55dbbc8947f0_0, 0;
    %pushi/vec4 240, 0, 8;
    %assign/vec4 v0x55dbbc894920_0, 0;
    %wait E_0x55dbbc812730;
    %pushi/vec4 32, 0, 8;
    %assign/vec4 v0x55dbbc8947f0_0, 0;
    %pushi/vec4 240, 0, 8;
    %assign/vec4 v0x55dbbc894920_0, 0;
    %wait E_0x55dbbc812730;
    %pushi/vec4 32, 0, 8;
    %assign/vec4 v0x55dbbc8947f0_0, 0;
    %pushi/vec4 240, 0, 8;
    %assign/vec4 v0x55dbbc894920_0, 0;
    %wait E_0x55dbbc812730;
    %pushi/vec4 32, 0, 8;
    %assign/vec4 v0x55dbbc8947f0_0, 0;
    %pushi/vec4 240, 0, 8;
    %assign/vec4 v0x55dbbc894920_0, 0;
    %wait E_0x55dbbc812730;
    %pushi/vec4 33, 0, 8;
    %assign/vec4 v0x55dbbc8947f0_0, 0;
    %pushi/vec4 239, 0, 8;
    %assign/vec4 v0x55dbbc894920_0, 0;
    %pushi/vec4 0, 0, 1;
    %assign/vec4 v0x55dbbc894ce0_0, 0;
    %wait E_0x55dbbc812730;
    %pushi/vec4 33, 0, 8;
    %assign/vec4 v0x55dbbc8947f0_0, 0;
    %pushi/vec4 239, 0, 8;
    %assign/vec4 v0x55dbbc894920_0, 0;
    %wait E_0x55dbbc812730;
    %pushi/vec4 33, 0, 8;
    %assign/vec4 v0x55dbbc8947f0_0, 0;
    %pushi/vec4 239, 0, 8;
    %assign/vec4 v0x55dbbc894920_0, 0;
    %wait E_0x55dbbc812730;
    %pushi/vec4 33, 0, 8;
    %assign/vec4 v0x55dbbc8947f0_0, 0;
    %pushi/vec4 239, 0, 8;
    %assign/vec4 v0x55dbbc894920_0, 0;
    %wait E_0x55dbbc812730;
    %pushi/vec4 33, 0, 8;
    %assign/vec4 v0x55dbbc8947f0_0, 0;
    %pushi/vec4 239, 0, 8;
    %assign/vec4 v0x55dbbc894920_0, 0;
    %wait E_0x55dbbc812730;
    %pushi/vec4 33, 0, 8;
    %assign/vec4 v0x55dbbc8947f0_0, 0;
    %pushi/vec4 239, 0, 8;
    %assign/vec4 v0x55dbbc894920_0, 0;
    %wait E_0x55dbbc812730;
    %pushi/vec4 33, 0, 8;
    %assign/vec4 v0x55dbbc8947f0_0, 0;
    %pushi/vec4 239, 0, 8;
    %assign/vec4 v0x55dbbc894920_0, 0;
    %wait E_0x55dbbc812730;
    %pushi/vec4 33, 0, 8;
    %assign/vec4 v0x55dbbc8947f0_0, 0;
    %pushi/vec4 239, 0, 8;
    %assign/vec4 v0x55dbbc894920_0, 0;
    %wait E_0x55dbbc812730;
    %pushi/vec4 34, 0, 8;
    %assign/vec4 v0x55dbbc8947f0_0, 0;
    %pushi/vec4 238, 0, 8;
    %assign/vec4 v0x55dbbc894920_0, 0;
    %wait E_0x55dbbc812730;
    %pushi/vec4 34, 0, 8;
    %assign/vec4 v0x55dbbc8947f0_0, 0;
    %pushi/vec4 238, 0, 8;
    %assign/vec4 v0x55dbbc894920_0, 0;
    %wait E_0x55dbbc812730;
    %pushi/vec4 34, 0, 8;
    %assign/vec4 v0x55dbbc8947f0_0, 0;
    %pushi/vec4 238, 0, 8;
    %assign/vec4 v0x55dbbc894920_0, 0;
    %wait E_0x55dbbc812730;
    %pushi/vec4 34, 0, 8;
    %assign/vec4 v0x55dbbc8947f0_0, 0;
    %pushi/vec4 238, 0, 8;
    %assign/vec4 v0x55dbbc894920_0, 0;
    %wait E_0x55dbbc812730;
    %pushi/vec4 34, 0, 8;
    %assign/vec4 v0x55dbbc8947f0_0, 0;
    %pushi/vec4 238, 0, 8;
    %assign/vec4 v0x55dbbc894920_0, 0;
    %wait E_0x55dbbc812730;
    %pushi/vec4 34, 0, 8;
    %assign/vec4 v0x55dbbc8947f0_0, 0;
    %pushi/vec4 238, 0, 8;
    %assign/vec4 v0x55dbbc894920_0, 0;
    %wait E_0x55dbbc812730;
    %pushi/vec4 34, 0, 8;
    %assign/vec4 v0x55dbbc8947f0_0, 0;
    %pushi/vec4 238, 0, 8;
    %assign/vec4 v0x55dbbc894920_0, 0;
    %wait E_0x55dbbc812730;
    %pushi/vec4 34, 0, 8;
    %assign/vec4 v0x55dbbc8947f0_0, 0;
    %pushi/vec4 238, 0, 8;
    %assign/vec4 v0x55dbbc894920_0, 0;
    %wait E_0x55dbbc812730;
    %pushi/vec4 35, 0, 8;
    %assign/vec4 v0x55dbbc8947f0_0, 0;
    %pushi/vec4 237, 0, 8;
    %assign/vec4 v0x55dbbc894920_0, 0;
    %pushi/vec4 1, 0, 1;
    %assign/vec4 v0x55dbbc894ce0_0, 0;
    %pushi/vec4 1, 0, 1;
    %assign/vec4 v0x55dbbc894e10_0, 0;
    %wait E_0x55dbbc812730;
    %pushi/vec4 35, 0, 8;
    %assign/vec4 v0x55dbbc8947f0_0, 0;
    %pushi/vec4 237, 0, 8;
    %assign/vec4 v0x55dbbc894920_0, 0;
    %wait E_0x55dbbc812730;
    %pushi/vec4 35, 0, 8;
    %assign/vec4 v0x55dbbc8947f0_0, 0;
    %pushi/vec4 237, 0, 8;
    %assign/vec4 v0x55dbbc894920_0, 0;
    %wait E_0x55dbbc812730;
    %pushi/vec4 35, 0, 8;
    %assign/vec4 v0x55dbbc8947f0_0, 0;
    %pushi/vec4 237, 0, 8;
    %assign/vec4 v0x55dbbc894920_0, 0;
    %wait E_0x55dbbc812730;
    %pushi/vec4 35, 0, 8;
    %assign/vec4 v0x55dbbc8947f0_0, 0;
    %pushi/vec4 237, 0, 8;
    %assign/vec4 v0x55dbbc894920_0, 0;
    %wait E_0x55dbbc812730;
    %pushi/vec4 35, 0, 8;
    %assign/vec4 v0x55dbbc8947f0_0, 0;
    %pushi/vec4 237, 0, 8;
    %assign/vec4 v0x55dbbc894920_0, 0;
    %wait E_0x55dbbc812730;
    %pushi/vec4 35, 0, 8;
    %assign/vec4 v0x55dbbc8947f0_0, 0;
    %pushi/vec4 237, 0, 8;
    %assign/vec4 v0x55dbbc894920_0, 0;
    %wait E_0x55dbbc812730;
    %pushi/vec4 35, 0, 8;
    %assign/vec4 v0x55dbbc8947f0_0, 0;
    %pushi/vec4 237, 0, 8;
    %assign/vec4 v0x55dbbc894920_0, 0;
    %wait E_0x55dbbc812730;
    %pushi/vec4 36, 0, 8;
    %assign/vec4 v0x55dbbc8947f0_0, 0;
    %pushi/vec4 236, 0, 8;
    %assign/vec4 v0x55dbbc894920_0, 0;
    %pushi/vec4 0, 0, 1;
    %assign/vec4 v0x55dbbc894ce0_0, 0;
    %wait E_0x55dbbc812730;
    %pushi/vec4 36, 0, 8;
    %assign/vec4 v0x55dbbc8947f0_0, 0;
    %pushi/vec4 236, 0, 8;
    %assign/vec4 v0x55dbbc894920_0, 0;
    %wait E_0x55dbbc812730;
    %pushi/vec4 36, 0, 8;
    %assign/vec4 v0x55dbbc8947f0_0, 0;
    %pushi/vec4 236, 0, 8;
    %assign/vec4 v0x55dbbc894920_0, 0;
    %wait E_0x55dbbc812730;
    %pushi/vec4 36, 0, 8;
    %assign/vec4 v0x55dbbc8947f0_0, 0;
    %pushi/vec4 236, 0, 8;
    %assign/vec4 v0x55dbbc894920_0, 0;
    %wait E_0x55dbbc812730;
    %pushi/vec4 36, 0, 8;
    %assign/vec4 v0x55dbbc8947f0_0, 0;
    %pushi/vec4 236, 0, 8;
    %assign/vec4 v0x55dbbc894920_0, 0;
    %wait E_0x55dbbc812730;
    %pushi/vec4 36, 0, 8;
    %assign/vec4 v0x55dbbc8947f0_0, 0;
    %pushi/vec4 236, 0, 8;
    %assign/vec4 v0x55dbbc894920_0, 0;
    %wait E_0x55dbbc812730;
    %pushi/vec4 36, 0, 8;
    %assign/vec4 v0x55dbbc8947f0_0, 0;
    %pushi/vec4 236, 0, 8;
    %assign/vec4 v0x55dbbc894920_0, 0;
    %wait E_0x55dbbc812730;
    %pushi/vec4 36, 0, 8;
    %assign/vec4 v0x55dbbc8947f0_0, 0;
    %pushi/vec4 236, 0, 8;
    %assign/vec4 v0x55dbbc894920_0, 0;
    %wait E_0x55dbbc812730;
    %pushi/vec4 37, 0, 8;
    %assign/vec4 v0x55dbbc8947f0_0, 0;
    %pushi/vec4 235, 0, 8;
    %assign/vec4 v0x55dbbc894920_0, 0;
    %pushi/vec4 0, 0, 1;
    %assign/vec4 v0x55dbbc894e10_0, 0;
    %wait E_0x55dbbc812730;
    %pushi/vec4 37, 0, 8;
    %assign/vec4 v0x55dbbc8947f0_0, 0;
    %pushi/vec4 235, 0, 8;
    %assign/vec4 v0x55dbbc894920_0, 0;
    %wait E_0x55dbbc812730;
    %pushi/vec4 37, 0, 8;
    %assign/vec4 v0x55dbbc8947f0_0, 0;
    %pushi/vec4 235, 0, 8;
    %assign/vec4 v0x55dbbc894920_0, 0;
    %wait E_0x55dbbc812730;
    %pushi/vec4 37, 0, 8;
    %assign/vec4 v0x55dbbc8947f0_0, 0;
    %pushi/vec4 235, 0, 8;
    %assign/vec4 v0x55dbbc894920_0, 0;
    %wait E_0x55dbbc812730;
    %pushi/vec4 37, 0, 8;
    %assign/vec4 v0x55dbbc8947f0_0, 0;
    %pushi/vec4 235, 0, 8;
    %assign/vec4 v0x55dbbc894920_0, 0;
    %wait E_0x55dbbc812730;
    %pushi/vec4 37, 0, 8;
    %assign/vec4 v0x55dbbc8947f0_0, 0;
    %pushi/vec4 235, 0, 8;
    %assign/vec4 v0x55dbbc894920_0, 0;
    %wait E_0x55dbbc812730;
    %pushi/vec4 37, 0, 8;
    %assign/vec4 v0x55dbbc8947f0_0, 0;
    %pushi/vec4 235, 0, 8;
    %assign/vec4 v0x55dbbc894920_0, 0;
    %wait E_0x55dbbc812730;
    %pushi/vec4 37, 0, 8;
    %assign/vec4 v0x55dbbc8947f0_0, 0;
    %pushi/vec4 235, 0, 8;
    %assign/vec4 v0x55dbbc894920_0, 0;
    %wait E_0x55dbbc812730;
    %pushi/vec4 38, 0, 8;
    %assign/vec4 v0x55dbbc8947f0_0, 0;
    %pushi/vec4 234, 0, 8;
    %assign/vec4 v0x55dbbc894920_0, 0;
    %wait E_0x55dbbc812730;
    %pushi/vec4 38, 0, 8;
    %assign/vec4 v0x55dbbc8947f0_0, 0;
    %pushi/vec4 234, 0, 8;
    %assign/vec4 v0x55dbbc894920_0, 0;
    %wait E_0x55dbbc812730;
    %pushi/vec4 38, 0, 8;
    %assign/vec4 v0x55dbbc8947f0_0, 0;
    %pushi/vec4 234, 0, 8;
    %assign/vec4 v0x55dbbc894920_0, 0;
    %wait E_0x55dbbc812730;
    %pushi/vec4 38, 0, 8;
    %assign/vec4 v0x55dbbc8947f0_0, 0;
    %pushi/vec4 234, 0, 8;
    %assign/vec4 v0x55dbbc894920_0, 0;
    %wait E_0x55dbbc812730;
    %pushi/vec4 38, 0, 8;
    %assign/vec4 v0x55dbbc8947f0_0, 0;
    %pushi/vec4 234, 0, 8;
    %assign/vec4 v0x55dbbc894920_0, 0;
    %wait E_0x55dbbc812730;
    %pushi/vec4 38, 0, 8;
    %assign/vec4 v0x55dbbc8947f0_0, 0;
    %pushi/vec4 234, 0, 8;
    %assign/vec4 v0x55dbbc894920_0, 0;
    %wait E_0x55dbbc812730;
    %pushi/vec4 38, 0, 8;
    %assign/vec4 v0x55dbbc8947f0_0, 0;
    %pushi/vec4 234, 0, 8;
    %assign/vec4 v0x55dbbc894920_0, 0;
    %wait E_0x55dbbc812730;
    %pushi/vec4 38, 0, 8;
    %assign/vec4 v0x55dbbc8947f0_0, 0;
    %pushi/vec4 234, 0, 8;
    %assign/vec4 v0x55dbbc894920_0, 0;
    %vpi_call 8 595 "$finish" {0 0 0};
    %end;
    .thread T_8;
    .scope S_0x55dbbc893e70;
T_9 ;
    %pushi/vec4 0, 0, 1;
    %assign/vec4 v0x55dbbc894570_0, 0;
    %end;
    .thread T_9;
    .scope S_0x55dbbc893e70;
T_10 ;
    %delay 450, 0;
    %load/vec4 v0x55dbbc894570_0;
    %inv;
    %assign/vec4 v0x55dbbc894570_0, 0;
    %jmp T_10;
    .thread T_10;
    .scope S_0x55dbbc7d25e0;
T_11 ;
    %wait E_0x55dbbc8933d0;
    %load/vec4 v0x55dbbc896260_0;
    %flag_set/vec4 8;
    %jmp/0xz  T_11.0, 8;
    %pushi/vec4 1, 0, 1;
    %assign/vec4 v0x55dbbc8960e0_0, 0;
    %jmp T_11.1;
T_11.0 ;
    %load/vec4 v0x55dbbc8961a0_0;
    %flag_set/vec4 8;
    %jmp/0xz  T_11.2, 8;
    %pushi/vec4 0, 0, 1;
    %assign/vec4 v0x55dbbc8960e0_0, 0;
    %jmp T_11.3;
T_11.2 ;
    %load/vec4 v0x55dbbc896020_0;
    %assign/vec4 v0x55dbbc8960e0_0, 0;
T_11.3 ;
T_11.1 ;
    %jmp T_11;
    .thread T_11;
# The file index is used to find the file name in the following table.
:file_names 9;
    "N/A";
    "<interactive>";
    "./cmos_cells.v";
    "BancoPrueba.v";
    "./proy1_conductual.v";
    "./clkgen.v";
    "./mux.v";
    "./proy1_synth.v";
    "./probador.v";
