#! /usr/bin/vvp
:ivl_version "10.1 (stable)";
:ivl_delay_selection "MINIMUM";
:vpi_time_precision - 10;
:vpi_module "system";
:vpi_module "vhdl_sys";
:vpi_module "v2005_math";
:vpi_module "va_math";
S_0x557d03983980 .scope module, "BancoPruebas" "BancoPruebas" 2 9;
 .timescale -9 -10;
v0x557d039a3df0_0 .net "clk2f", 0 0, v0x557d03982160_0;  1 drivers
v0x557d039a3eb0_0 .net "clk4f", 0 0, v0x557d03982370_0;  1 drivers
v0x557d039a3f70_0 .net "clk8f", 0 0, v0x557d039a3a70_0;  1 drivers
v0x557d039a4010_0 .net "clkf", 0 0, v0x557d03982790_0;  1 drivers
v0x557d039a40b0_0 .net "reset", 0 0, v0x557d039a3c50_0;  1 drivers
S_0x557d03984210 .scope module, "p_cond" "proy1_conductual" 2 20, 3 3 0, S_0x557d03983980;
 .timescale -9 -10;
    .port_info 0 /INPUT 1 "clkf"
    .port_info 1 /OUTPUT 1 "clk2f"
    .port_info 2 /OUTPUT 1 "clk4f"
    .port_info 3 /OUTPUT 1 "clk8f"
    .port_info 4 /INPUT 1 "reset"
v0x557d03982ce0_0 .net "clk2f", 0 0, v0x557d03982160_0;  alias, 1 drivers
v0x557d03982ed0_0 .net "clk4f", 0 0, v0x557d03982370_0;  alias, 1 drivers
v0x557d039a3360_0 .net "clk8f", 0 0, v0x557d039a3a70_0;  alias, 1 drivers
v0x557d039a3430_0 .net "clkf", 0 0, v0x557d03982790_0;  alias, 1 drivers
v0x557d039a3500_0 .net "reset", 0 0, v0x557d039a3c50_0;  alias, 1 drivers
S_0x557d03984390 .scope module, "generador_de_relojes" "clkgen" 3 10, 4 1 0, S_0x557d03984210;
 .timescale -9 -10;
    .port_info 0 /OUTPUT 1 "clkf"
    .port_info 1 /OUTPUT 1 "clk2f"
    .port_info 2 /OUTPUT 1 "clk4f"
    .port_info 3 /INPUT 1 "clk8f"
    .port_info 4 /INPUT 1 "reset"
v0x557d03982160_0 .var "clk2f", 0 0;
v0x557d03982370_0 .var "clk4f", 0 0;
v0x557d03982580_0 .net "clk8f", 0 0, v0x557d039a3a70_0;  alias, 1 drivers
v0x557d03982790_0 .var "clkf", 0 0;
v0x557d039829a0_0 .net "reset", 0 0, v0x557d039a3c50_0;  alias, 1 drivers
E_0x557d0397a750 .event posedge, v0x557d03982160_0;
E_0x557d0397a8c0 .event posedge, v0x557d03982370_0;
E_0x557d0397ab10 .event posedge, v0x557d03982580_0;
S_0x557d039a3620 .scope module, "probador_" "probador" 2 33, 5 2 0, S_0x557d03983980;
 .timescale -9 -10;
    .port_info 0 /INPUT 1 "clkf"
    .port_info 1 /INPUT 1 "clk2f"
    .port_info 2 /INPUT 1 "clk4f"
    .port_info 3 /OUTPUT 1 "clk8f"
    .port_info 4 /OUTPUT 1 "reset"
v0x557d039a3870_0 .net "clk2f", 0 0, v0x557d03982160_0;  alias, 1 drivers
v0x557d039a3960_0 .net "clk4f", 0 0, v0x557d03982370_0;  alias, 1 drivers
v0x557d039a3a70_0 .var "clk8f", 0 0;
v0x557d039a3b60_0 .net "clkf", 0 0, v0x557d03982790_0;  alias, 1 drivers
v0x557d039a3c50_0 .var "reset", 0 0;
    .scope S_0x557d03984390;
T_0 ;
    %wait E_0x557d0397ab10;
    %load/vec4 v0x557d039829a0_0;
    %pad/u 32;
    %cmpi/e 0, 0, 32;
    %jmp/0xz  T_0.0, 4;
    %pushi/vec4 0, 0, 1;
    %assign/vec4 v0x557d03982370_0, 0;
    %pushi/vec4 0, 0, 1;
    %assign/vec4 v0x557d03982160_0, 0;
    %pushi/vec4 0, 0, 1;
    %assign/vec4 v0x557d03982790_0, 0;
    %jmp T_0.1;
T_0.0 ;
    %load/vec4 v0x557d03982370_0;
    %inv;
    %assign/vec4 v0x557d03982370_0, 0;
T_0.1 ;
    %jmp T_0;
    .thread T_0;
    .scope S_0x557d03984390;
T_1 ;
    %wait E_0x557d0397a8c0;
    %load/vec4 v0x557d03982160_0;
    %inv;
    %assign/vec4 v0x557d03982160_0, 0;
    %jmp T_1;
    .thread T_1;
    .scope S_0x557d03984390;
T_2 ;
    %wait E_0x557d0397a750;
    %load/vec4 v0x557d03982790_0;
    %inv;
    %assign/vec4 v0x557d03982790_0, 0;
    %jmp T_2;
    .thread T_2;
    .scope S_0x557d039a3620;
T_3 ;
    %vpi_call 5 11 "$dumpfile", "proy1.vcd" {0 0 0};
    %vpi_call 5 12 "$dumpvars" {0 0 0};
    %vpi_call 5 14 "$display", "\011\011\011clk,\011clks" {0 0 0};
    %vpi_call 5 16 "$monitor", $time, "\011%b\011%b\011\011%b\011\011%b\011%b", v0x557d039a3a70_0, v0x557d039a3b60_0, v0x557d039a3870_0, v0x557d039a3960_0 {0 0 0};
    %pushi/vec4 0, 0, 1;
    %store/vec4 v0x557d039a3c50_0, 0, 1;
    %wait E_0x557d0397ab10;
    %wait E_0x557d0397ab10;
    %wait E_0x557d0397ab10;
    %pushi/vec4 1, 0, 1;
    %assign/vec4 v0x557d039a3c50_0, 0;
    %wait E_0x557d0397ab10;
    %wait E_0x557d0397ab10;
    %wait E_0x557d0397ab10;
    %wait E_0x557d0397ab10;
    %wait E_0x557d0397ab10;
    %wait E_0x557d0397ab10;
    %wait E_0x557d0397ab10;
    %wait E_0x557d0397ab10;
    %wait E_0x557d0397ab10;
    %wait E_0x557d0397ab10;
    %wait E_0x557d0397ab10;
    %wait E_0x557d0397ab10;
    %wait E_0x557d0397ab10;
    %wait E_0x557d0397ab10;
    %wait E_0x557d0397ab10;
    %pushi/vec4 0, 0, 1;
    %assign/vec4 v0x557d039a3c50_0, 0;
    %wait E_0x557d0397ab10;
    %wait E_0x557d0397ab10;
    %vpi_call 5 60 "$finish" {0 0 0};
    %end;
    .thread T_3;
    .scope S_0x557d039a3620;
T_4 ;
    %pushi/vec4 0, 0, 1;
    %assign/vec4 v0x557d039a3a70_0, 0;
    %end;
    .thread T_4;
    .scope S_0x557d039a3620;
T_5 ;
    %delay 450, 0;
    %load/vec4 v0x557d039a3a70_0;
    %inv;
    %assign/vec4 v0x557d039a3a70_0, 0;
    %jmp T_5;
    .thread T_5;
# The file index is used to find the file name in the following table.
:file_names 6;
    "N/A";
    "<interactive>";
    "BancoPrueba.v";
    "./proy1_conductual.v";
    "./clkgen.v";
    "./probador.v";
