#! /usr/bin/vvp
:ivl_version "10.1 (stable)";
:ivl_delay_selection "MINIMUM";
:vpi_time_precision - 10;
:vpi_module "system";
:vpi_module "vhdl_sys";
:vpi_module "v2005_math";
:vpi_module "va_math";
S_0x55a15325a2f0 .scope module, "BancoPruebas" "BancoPruebas" 2 9;
 .timescale -9 -10;
v0x55a1532758b0_0 .net "clk", 0 0, v0x55a153274d80_0;  1 drivers
v0x55a153275970_0 .net "clk2f", 0 0, v0x55a153257880_0;  1 drivers
v0x55a153275a30_0 .net "clk4f", 0 0, v0x55a153257c90_0;  1 drivers
v0x55a153275ad0_0 .net "clkf", 0 0, v0x55a1532580c0_0;  1 drivers
v0x55a153275b70_0 .net "data_in_0_c", 7 0, v0x55a153275110_0;  1 drivers
v0x55a153275c10_0 .net "data_in_1_c", 7 0, v0x55a153275250_0;  1 drivers
v0x55a153275cb0_0 .net "data_out_c", 7 0, v0x55a153273b80_0;  1 drivers
v0x55a153275d70_0 .net "reset", 0 0, v0x55a153275450_0;  1 drivers
v0x55a153275e60_0 .net "valid_in_0_c", 0 0, v0x55a1532754f0_0;  1 drivers
v0x55a153275f00_0 .net "valid_in_1_c", 0 0, v0x55a153275590_0;  1 drivers
v0x55a153275fa0_0 .net "valid_out_c", 0 0, v0x55a153273ff0_0;  1 drivers
S_0x55a15325a470 .scope module, "p_cond" "proy1_conductual" 2 28, 3 4 0, S_0x55a15325a2f0;
 .timescale -9 -10;
    .port_info 0 /OUTPUT 8 "data_out_c"
    .port_info 1 /OUTPUT 1 "valid_out_c"
    .port_info 2 /INPUT 8 "data_in_0_c"
    .port_info 3 /INPUT 8 "data_in_1_c"
    .port_info 4 /OUTPUT 1 "valid_in_0_c"
    .port_info 5 /OUTPUT 1 "valid_in_1_c"
    .port_info 6 /INPUT 1 "reset"
    .port_info 7 /INPUT 1 "clk"
    .port_info 8 /OUTPUT 1 "clkf"
    .port_info 9 /OUTPUT 1 "clk2f"
    .port_info 10 /OUTPUT 1 "clk4f"
v0x55a153274190_0 .net "clk", 0 0, v0x55a153274d80_0;  alias, 1 drivers
v0x55a153274250_0 .net "clk2f", 0 0, v0x55a153257880_0;  alias, 1 drivers
v0x55a1532742f0_0 .net "clk4f", 0 0, v0x55a153257c90_0;  alias, 1 drivers
v0x55a1532743c0_0 .net "clkf", 0 0, v0x55a1532580c0_0;  alias, 1 drivers
v0x55a153274490_0 .net "data_in_0_c", 7 0, v0x55a153275110_0;  alias, 1 drivers
v0x55a153274580_0 .net "data_in_1_c", 7 0, v0x55a153275250_0;  alias, 1 drivers
v0x55a153274650_0 .net "data_out_c", 7 0, v0x55a153273b80_0;  alias, 1 drivers
v0x55a153274720_0 .net "reset", 0 0, v0x55a153275450_0;  alias, 1 drivers
v0x55a1532747c0_0 .net "valid_in_0_c", 0 0, v0x55a1532754f0_0;  alias, 1 drivers
v0x55a153274890_0 .net "valid_in_1_c", 0 0, v0x55a153275590_0;  alias, 1 drivers
v0x55a153274960_0 .net "valid_out_c", 0 0, v0x55a153273ff0_0;  alias, 1 drivers
S_0x55a15325a640 .scope module, "generador_de_relojes" "clkgen" 3 17, 4 1 0, S_0x55a15325a470;
 .timescale -9 -10;
    .port_info 0 /INPUT 1 "clk"
    .port_info 1 /OUTPUT 1 "clkf"
    .port_info 2 /OUTPUT 1 "clk2f"
    .port_info 3 /OUTPUT 1 "clk4f"
v0x55a153257350_0 .net "clk", 0 0, v0x55a153274d80_0;  alias, 1 drivers
v0x55a153257880_0 .var "clk2f", 0 0;
v0x55a153257c90_0 .var "clk4f", 0 0;
v0x55a1532580c0_0 .var "clkf", 0 0;
E_0x55a15322c100 .event posedge, v0x55a153257350_0;
S_0x55a153273490 .scope module, "mux_" "mux" 3 19, 5 1 0, S_0x55a15325a470;
 .timescale -9 -10;
    .port_info 0 /OUTPUT 8 "data_out_c"
    .port_info 1 /OUTPUT 1 "valid_out_c"
    .port_info 2 /INPUT 8 "data_in_0_c"
    .port_info 3 /INPUT 8 "data_in_1_c"
    .port_info 4 /INPUT 1 "valid_in_0_c"
    .port_info 5 /INPUT 1 "valid_in_1_c"
    .port_info 6 /INPUT 1 "clk"
P_0x55a153273680 .param/l "INICIAL" 0 5 12, +C4<00000000000000000000000000000001>;
P_0x55a1532736c0 .param/l "TRANS_0" 0 5 13, +C4<00000000000000000000000000000010>;
P_0x55a153273700 .param/l "TRANS_1" 0 5 14, +C4<00000000000000000000000000000100>;
P_0x55a153273740 .param/l "W_LST_DATA0" 0 5 16, +C4<00000000000000000000000000010000>;
P_0x55a153273780 .param/l "W_LST_DATA1" 0 5 15, +C4<00000000000000000000000000001000>;
v0x55a153258730_0 .net "clk", 0 0, v0x55a153257880_0;  alias, 1 drivers
v0x55a153258c40_0 .net "data_in_0_c", 7 0, v0x55a153275110_0;  alias, 1 drivers
v0x55a153259170_0 .net "data_in_1_c", 7 0, v0x55a153275250_0;  alias, 1 drivers
v0x55a153273b80_0 .var "data_out_c", 7 0;
v0x55a153273c60_0 .var "nxt_st", 4 0;
v0x55a153273d90_0 .var "st", 4 0;
v0x55a153273e70_0 .net "valid_in_0_c", 0 0, v0x55a1532754f0_0;  alias, 1 drivers
v0x55a153273f30_0 .net "valid_in_1_c", 0 0, v0x55a153275590_0;  alias, 1 drivers
v0x55a153273ff0_0 .var "valid_out_c", 0 0;
E_0x55a15322c3e0/0 .event edge, v0x55a153273d90_0, v0x55a153273e70_0, v0x55a153273f30_0, v0x55a153258c40_0;
E_0x55a15322c3e0/1 .event edge, v0x55a153259170_0;
E_0x55a15322c3e0 .event/or E_0x55a15322c3e0/0, E_0x55a15322c3e0/1;
E_0x55a15322c550 .event posedge, v0x55a153257880_0;
S_0x55a153274ad0 .scope module, "probador_" "probador" 2 47, 6 2 0, S_0x55a15325a2f0;
 .timescale -9 -10;
    .port_info 0 /INPUT 1 "clkf"
    .port_info 1 /INPUT 1 "clk2f"
    .port_info 2 /INPUT 1 "clk4f"
    .port_info 3 /INPUT 8 "data_out_c"
    .port_info 4 /INPUT 1 "valid_out_c"
    .port_info 5 /OUTPUT 8 "data_in_0_c"
    .port_info 6 /OUTPUT 8 "data_in_1_c"
    .port_info 7 /OUTPUT 1 "valid_in_0_c"
    .port_info 8 /OUTPUT 1 "valid_in_1_c"
    .port_info 9 /OUTPUT 1 "clk"
    .port_info 10 /OUTPUT 1 "reset"
v0x55a153274d80_0 .var "clk", 0 0;
v0x55a153274e70_0 .net "clk2f", 0 0, v0x55a153257880_0;  alias, 1 drivers
v0x55a153274f30_0 .net "clk4f", 0 0, v0x55a153257c90_0;  alias, 1 drivers
v0x55a153275020_0 .net "clkf", 0 0, v0x55a1532580c0_0;  alias, 1 drivers
v0x55a153275110_0 .var "data_in_0_c", 7 0;
v0x55a153275250_0 .var "data_in_1_c", 7 0;
v0x55a153275340_0 .net "data_out_c", 7 0, v0x55a153273b80_0;  alias, 1 drivers
v0x55a153275450_0 .var "reset", 0 0;
v0x55a1532754f0_0 .var "valid_in_0_c", 0 0;
v0x55a153275590_0 .var "valid_in_1_c", 0 0;
v0x55a153275680_0 .net "valid_out_c", 0 0, v0x55a153273ff0_0;  alias, 1 drivers
    .scope S_0x55a15325a640;
T_0 ;
    %pushi/vec4 0, 0, 1;
    %assign/vec4 v0x55a1532580c0_0, 0;
    %end;
    .thread T_0;
    .scope S_0x55a15325a640;
T_1 ;
    %pushi/vec4 0, 0, 1;
    %assign/vec4 v0x55a153257880_0, 0;
    %end;
    .thread T_1;
    .scope S_0x55a15325a640;
T_2 ;
    %pushi/vec4 0, 0, 1;
    %assign/vec4 v0x55a153257c90_0, 0;
    %end;
    .thread T_2;
    .scope S_0x55a15325a640;
T_3 ;
    %wait E_0x55a15322c100;
    %load/vec4 v0x55a1532580c0_0;
    %load/vec4 v0x55a153257880_0;
    %concat/vec4; draw_concat_vec4
    %load/vec4 v0x55a153257c90_0;
    %concat/vec4; draw_concat_vec4
    %addi 1, 0, 3;
    %split/vec4 1;
    %assign/vec4 v0x55a153257c90_0, 0;
    %split/vec4 1;
    %assign/vec4 v0x55a153257880_0, 0;
    %assign/vec4 v0x55a1532580c0_0, 0;
    %jmp T_3;
    .thread T_3;
    .scope S_0x55a153273490;
T_4 ;
    %wait E_0x55a15322c550;
    %load/vec4 v0x55a153273c60_0;
    %assign/vec4 v0x55a153273d90_0, 0;
    %jmp T_4;
    .thread T_4;
    .scope S_0x55a153273490;
T_5 ;
    %wait E_0x55a15322c3e0;
    %pushi/vec4 0, 0, 8;
    %store/vec4 v0x55a153273b80_0, 0, 8;
    %pushi/vec4 0, 0, 1;
    %store/vec4 v0x55a153273ff0_0, 0, 1;
    %load/vec4 v0x55a153273d90_0;
    %store/vec4 v0x55a153273c60_0, 0, 5;
    %load/vec4 v0x55a153273d90_0;
    %dup/vec4;
    %pushi/vec4 1, 0, 5;
    %cmp/u;
    %jmp/1 T_5.0, 6;
    %dup/vec4;
    %pushi/vec4 2, 0, 5;
    %cmp/u;
    %jmp/1 T_5.1, 6;
    %dup/vec4;
    %pushi/vec4 4, 0, 5;
    %cmp/u;
    %jmp/1 T_5.2, 6;
    %dup/vec4;
    %pushi/vec4 16, 0, 5;
    %cmp/u;
    %jmp/1 T_5.3, 6;
    %dup/vec4;
    %pushi/vec4 8, 0, 5;
    %cmp/u;
    %jmp/1 T_5.4, 6;
    %jmp T_5.5;
T_5.0 ;
    %load/vec4 v0x55a153273e70_0;
    %pad/u 32;
    %pushi/vec4 1, 0, 32;
    %cmp/e;
    %flag_get/vec4 4;
    %load/vec4 v0x55a153273f30_0;
    %pad/u 32;
    %pushi/vec4 0, 0, 32;
    %cmp/e;
    %flag_get/vec4 4;
    %and;
    %flag_set/vec4 8;
    %jmp/0xz  T_5.6, 8;
    %load/vec4 v0x55a153258c40_0;
    %store/vec4 v0x55a153273b80_0, 0, 8;
    %pushi/vec4 1, 0, 1;
    %store/vec4 v0x55a153273ff0_0, 0, 1;
    %pushi/vec4 2, 0, 5;
    %store/vec4 v0x55a153273c60_0, 0, 5;
    %jmp T_5.7;
T_5.6 ;
    %load/vec4 v0x55a153273e70_0;
    %pad/u 32;
    %pushi/vec4 0, 0, 32;
    %cmp/e;
    %flag_get/vec4 4;
    %load/vec4 v0x55a153273f30_0;
    %pad/u 32;
    %pushi/vec4 1, 0, 32;
    %cmp/e;
    %flag_get/vec4 4;
    %and;
    %flag_set/vec4 8;
    %jmp/0xz  T_5.8, 8;
    %load/vec4 v0x55a153259170_0;
    %store/vec4 v0x55a153273b80_0, 0, 8;
    %pushi/vec4 1, 0, 1;
    %store/vec4 v0x55a153273ff0_0, 0, 1;
    %pushi/vec4 4, 0, 5;
    %store/vec4 v0x55a153273c60_0, 0, 5;
    %jmp T_5.9;
T_5.8 ;
    %load/vec4 v0x55a153273e70_0;
    %pad/u 32;
    %pushi/vec4 1, 0, 32;
    %cmp/e;
    %flag_get/vec4 4;
    %load/vec4 v0x55a153273f30_0;
    %pad/u 32;
    %pushi/vec4 1, 0, 32;
    %cmp/e;
    %flag_get/vec4 4;
    %and;
    %flag_set/vec4 8;
    %jmp/0xz  T_5.10, 8;
    %load/vec4 v0x55a153258c40_0;
    %store/vec4 v0x55a153273b80_0, 0, 8;
    %pushi/vec4 1, 0, 1;
    %store/vec4 v0x55a153273ff0_0, 0, 1;
    %pushi/vec4 2, 0, 5;
    %store/vec4 v0x55a153273c60_0, 0, 5;
T_5.10 ;
T_5.9 ;
T_5.7 ;
    %jmp T_5.5;
T_5.1 ;
    %load/vec4 v0x55a153273e70_0;
    %pad/u 32;
    %cmpi/e 0, 0, 32;
    %jmp/0xz  T_5.12, 4;
    %pushi/vec4 16, 0, 5;
    %store/vec4 v0x55a153273c60_0, 0, 5;
    %jmp T_5.13;
T_5.12 ;
    %load/vec4 v0x55a153258c40_0;
    %store/vec4 v0x55a153273b80_0, 0, 8;
    %pushi/vec4 1, 0, 1;
    %store/vec4 v0x55a153273ff0_0, 0, 1;
    %pushi/vec4 2, 0, 5;
    %store/vec4 v0x55a153273c60_0, 0, 5;
T_5.13 ;
    %jmp T_5.5;
T_5.2 ;
    %load/vec4 v0x55a153273f30_0;
    %pad/u 32;
    %cmpi/e 0, 0, 32;
    %jmp/0xz  T_5.14, 4;
    %pushi/vec4 8, 0, 5;
    %store/vec4 v0x55a153273c60_0, 0, 5;
    %jmp T_5.15;
T_5.14 ;
    %load/vec4 v0x55a153259170_0;
    %store/vec4 v0x55a153273b80_0, 0, 8;
    %pushi/vec4 1, 0, 1;
    %store/vec4 v0x55a153273ff0_0, 0, 1;
    %pushi/vec4 4, 0, 5;
    %store/vec4 v0x55a153273c60_0, 0, 5;
T_5.15 ;
    %jmp T_5.5;
T_5.3 ;
    %load/vec4 v0x55a153273e70_0;
    %pad/u 32;
    %pushi/vec4 1, 0, 32;
    %cmp/e;
    %flag_get/vec4 4;
    %load/vec4 v0x55a153273f30_0;
    %pad/u 32;
    %pushi/vec4 0, 0, 32;
    %cmp/e;
    %flag_get/vec4 4;
    %and;
    %flag_set/vec4 8;
    %jmp/0xz  T_5.16, 8;
    %load/vec4 v0x55a153258c40_0;
    %store/vec4 v0x55a153273b80_0, 0, 8;
    %pushi/vec4 1, 0, 1;
    %store/vec4 v0x55a153273ff0_0, 0, 1;
    %pushi/vec4 2, 0, 5;
    %store/vec4 v0x55a153273c60_0, 0, 5;
    %jmp T_5.17;
T_5.16 ;
    %load/vec4 v0x55a153273e70_0;
    %pad/u 32;
    %pushi/vec4 0, 0, 32;
    %cmp/e;
    %flag_get/vec4 4;
    %load/vec4 v0x55a153273f30_0;
    %pad/u 32;
    %pushi/vec4 1, 0, 32;
    %cmp/e;
    %flag_get/vec4 4;
    %and;
    %flag_set/vec4 8;
    %jmp/0xz  T_5.18, 8;
    %load/vec4 v0x55a153259170_0;
    %store/vec4 v0x55a153273b80_0, 0, 8;
    %pushi/vec4 1, 0, 1;
    %store/vec4 v0x55a153273ff0_0, 0, 1;
    %pushi/vec4 4, 0, 5;
    %store/vec4 v0x55a153273c60_0, 0, 5;
    %jmp T_5.19;
T_5.18 ;
    %load/vec4 v0x55a153273e70_0;
    %pad/u 32;
    %pushi/vec4 1, 0, 32;
    %cmp/e;
    %flag_get/vec4 4;
    %load/vec4 v0x55a153273f30_0;
    %pad/u 32;
    %pushi/vec4 1, 0, 32;
    %cmp/e;
    %flag_get/vec4 4;
    %and;
    %flag_set/vec4 8;
    %jmp/0xz  T_5.20, 8;
    %load/vec4 v0x55a153259170_0;
    %store/vec4 v0x55a153273b80_0, 0, 8;
    %pushi/vec4 1, 0, 1;
    %store/vec4 v0x55a153273ff0_0, 0, 1;
    %pushi/vec4 4, 0, 5;
    %store/vec4 v0x55a153273c60_0, 0, 5;
T_5.20 ;
T_5.19 ;
T_5.17 ;
    %jmp T_5.5;
T_5.4 ;
    %load/vec4 v0x55a153273e70_0;
    %pad/u 32;
    %pushi/vec4 1, 0, 32;
    %cmp/e;
    %flag_get/vec4 4;
    %load/vec4 v0x55a153273f30_0;
    %pad/u 32;
    %pushi/vec4 0, 0, 32;
    %cmp/e;
    %flag_get/vec4 4;
    %and;
    %flag_set/vec4 8;
    %jmp/0xz  T_5.22, 8;
    %load/vec4 v0x55a153258c40_0;
    %store/vec4 v0x55a153273b80_0, 0, 8;
    %pushi/vec4 1, 0, 1;
    %store/vec4 v0x55a153273ff0_0, 0, 1;
    %pushi/vec4 2, 0, 5;
    %store/vec4 v0x55a153273c60_0, 0, 5;
    %jmp T_5.23;
T_5.22 ;
    %load/vec4 v0x55a153273e70_0;
    %pad/u 32;
    %pushi/vec4 0, 0, 32;
    %cmp/e;
    %flag_get/vec4 4;
    %load/vec4 v0x55a153273f30_0;
    %pad/u 32;
    %pushi/vec4 1, 0, 32;
    %cmp/e;
    %flag_get/vec4 4;
    %and;
    %flag_set/vec4 8;
    %jmp/0xz  T_5.24, 8;
    %load/vec4 v0x55a153259170_0;
    %store/vec4 v0x55a153273b80_0, 0, 8;
    %pushi/vec4 1, 0, 1;
    %store/vec4 v0x55a153273ff0_0, 0, 1;
    %pushi/vec4 4, 0, 5;
    %store/vec4 v0x55a153273c60_0, 0, 5;
    %jmp T_5.25;
T_5.24 ;
    %load/vec4 v0x55a153273e70_0;
    %pad/u 32;
    %pushi/vec4 1, 0, 32;
    %cmp/e;
    %flag_get/vec4 4;
    %load/vec4 v0x55a153273f30_0;
    %pad/u 32;
    %pushi/vec4 1, 0, 32;
    %cmp/e;
    %flag_get/vec4 4;
    %and;
    %flag_set/vec4 8;
    %jmp/0xz  T_5.26, 8;
    %load/vec4 v0x55a153258c40_0;
    %store/vec4 v0x55a153273b80_0, 0, 8;
    %pushi/vec4 1, 0, 1;
    %store/vec4 v0x55a153273ff0_0, 0, 1;
    %pushi/vec4 2, 0, 5;
    %store/vec4 v0x55a153273c60_0, 0, 5;
T_5.26 ;
T_5.25 ;
T_5.23 ;
    %jmp T_5.5;
T_5.5 ;
    %pop/vec4 1;
    %jmp T_5;
    .thread T_5, $push;
    .scope S_0x55a153274ad0;
T_6 ;
    %vpi_call 6 17 "$dumpfile", "proy1.vcd" {0 0 0};
    %vpi_call 6 18 "$dumpvars" {0 0 0};
    %vpi_call 6 20 "$display", "\011\011\011clk,\011clks,\011reset" {0 0 0};
    %vpi_call 6 22 "$monitor", $time, "\011%b\011%b\011\011%b\011\011%b\011%b", v0x55a153274d80_0, v0x55a153275020_0, v0x55a153274e70_0, v0x55a153274f30_0, v0x55a153275450_0 {0 0 0};
    %pushi/vec4 0, 0, 8;
    %store/vec4 v0x55a153275110_0, 0, 8;
    %pushi/vec4 0, 0, 8;
    %store/vec4 v0x55a153275250_0, 0, 8;
    %pushi/vec4 0, 0, 1;
    %store/vec4 v0x55a1532754f0_0, 0, 1;
    %pushi/vec4 0, 0, 1;
    %store/vec4 v0x55a153275590_0, 0, 1;
    %pushi/vec4 0, 0, 1;
    %store/vec4 v0x55a153275450_0, 0, 1;
    %wait E_0x55a15322c100;
    %pushi/vec4 17, 0, 8;
    %store/vec4 v0x55a153275110_0, 0, 8;
    %pushi/vec4 255, 0, 8;
    %store/vec4 v0x55a153275250_0, 0, 8;
    %wait E_0x55a15322c100;
    %pushi/vec4 17, 0, 8;
    %store/vec4 v0x55a153275110_0, 0, 8;
    %pushi/vec4 255, 0, 8;
    %store/vec4 v0x55a153275250_0, 0, 8;
    %wait E_0x55a15322c100;
    %pushi/vec4 17, 0, 8;
    %store/vec4 v0x55a153275110_0, 0, 8;
    %pushi/vec4 255, 0, 8;
    %store/vec4 v0x55a153275250_0, 0, 8;
    %wait E_0x55a15322c100;
    %pushi/vec4 18, 0, 8;
    %store/vec4 v0x55a153275110_0, 0, 8;
    %pushi/vec4 254, 0, 8;
    %store/vec4 v0x55a153275250_0, 0, 8;
    %wait E_0x55a15322c100;
    %pushi/vec4 18, 0, 8;
    %store/vec4 v0x55a153275110_0, 0, 8;
    %pushi/vec4 254, 0, 8;
    %store/vec4 v0x55a153275250_0, 0, 8;
    %wait E_0x55a15322c100;
    %pushi/vec4 18, 0, 8;
    %store/vec4 v0x55a153275110_0, 0, 8;
    %pushi/vec4 254, 0, 8;
    %store/vec4 v0x55a153275250_0, 0, 8;
    %wait E_0x55a15322c100;
    %pushi/vec4 18, 0, 8;
    %store/vec4 v0x55a153275110_0, 0, 8;
    %pushi/vec4 254, 0, 8;
    %store/vec4 v0x55a153275250_0, 0, 8;
    %wait E_0x55a15322c100;
    %pushi/vec4 18, 0, 8;
    %store/vec4 v0x55a153275110_0, 0, 8;
    %pushi/vec4 254, 0, 8;
    %store/vec4 v0x55a153275250_0, 0, 8;
    %wait E_0x55a15322c100;
    %pushi/vec4 18, 0, 8;
    %store/vec4 v0x55a153275110_0, 0, 8;
    %pushi/vec4 254, 0, 8;
    %store/vec4 v0x55a153275250_0, 0, 8;
    %wait E_0x55a15322c100;
    %pushi/vec4 18, 0, 8;
    %store/vec4 v0x55a153275110_0, 0, 8;
    %pushi/vec4 254, 0, 8;
    %store/vec4 v0x55a153275250_0, 0, 8;
    %wait E_0x55a15322c100;
    %pushi/vec4 18, 0, 8;
    %store/vec4 v0x55a153275110_0, 0, 8;
    %pushi/vec4 254, 0, 8;
    %store/vec4 v0x55a153275250_0, 0, 8;
    %wait E_0x55a15322c100;
    %pushi/vec4 19, 0, 8;
    %store/vec4 v0x55a153275110_0, 0, 8;
    %pushi/vec4 253, 0, 8;
    %store/vec4 v0x55a153275250_0, 0, 8;
    %pushi/vec4 1, 0, 1;
    %store/vec4 v0x55a1532754f0_0, 0, 1;
    %wait E_0x55a15322c100;
    %pushi/vec4 19, 0, 8;
    %store/vec4 v0x55a153275110_0, 0, 8;
    %pushi/vec4 253, 0, 8;
    %store/vec4 v0x55a153275250_0, 0, 8;
    %pushi/vec4 1, 0, 1;
    %store/vec4 v0x55a1532754f0_0, 0, 1;
    %wait E_0x55a15322c100;
    %pushi/vec4 19, 0, 8;
    %store/vec4 v0x55a153275110_0, 0, 8;
    %pushi/vec4 253, 0, 8;
    %store/vec4 v0x55a153275250_0, 0, 8;
    %pushi/vec4 1, 0, 1;
    %store/vec4 v0x55a1532754f0_0, 0, 1;
    %wait E_0x55a15322c100;
    %pushi/vec4 19, 0, 8;
    %store/vec4 v0x55a153275110_0, 0, 8;
    %pushi/vec4 253, 0, 8;
    %store/vec4 v0x55a153275250_0, 0, 8;
    %pushi/vec4 1, 0, 1;
    %store/vec4 v0x55a1532754f0_0, 0, 1;
    %wait E_0x55a15322c100;
    %pushi/vec4 19, 0, 8;
    %store/vec4 v0x55a153275110_0, 0, 8;
    %pushi/vec4 253, 0, 8;
    %store/vec4 v0x55a153275250_0, 0, 8;
    %pushi/vec4 1, 0, 1;
    %store/vec4 v0x55a1532754f0_0, 0, 1;
    %wait E_0x55a15322c100;
    %pushi/vec4 19, 0, 8;
    %store/vec4 v0x55a153275110_0, 0, 8;
    %pushi/vec4 253, 0, 8;
    %store/vec4 v0x55a153275250_0, 0, 8;
    %pushi/vec4 1, 0, 1;
    %store/vec4 v0x55a1532754f0_0, 0, 1;
    %wait E_0x55a15322c100;
    %pushi/vec4 19, 0, 8;
    %store/vec4 v0x55a153275110_0, 0, 8;
    %pushi/vec4 253, 0, 8;
    %store/vec4 v0x55a153275250_0, 0, 8;
    %pushi/vec4 1, 0, 1;
    %store/vec4 v0x55a1532754f0_0, 0, 1;
    %wait E_0x55a15322c100;
    %pushi/vec4 19, 0, 8;
    %store/vec4 v0x55a153275110_0, 0, 8;
    %pushi/vec4 253, 0, 8;
    %store/vec4 v0x55a153275250_0, 0, 8;
    %pushi/vec4 1, 0, 1;
    %store/vec4 v0x55a1532754f0_0, 0, 1;
    %wait E_0x55a15322c100;
    %pushi/vec4 20, 0, 8;
    %store/vec4 v0x55a153275110_0, 0, 8;
    %pushi/vec4 252, 0, 8;
    %store/vec4 v0x55a153275250_0, 0, 8;
    %wait E_0x55a15322c100;
    %pushi/vec4 20, 0, 8;
    %store/vec4 v0x55a153275110_0, 0, 8;
    %pushi/vec4 252, 0, 8;
    %store/vec4 v0x55a153275250_0, 0, 8;
    %wait E_0x55a15322c100;
    %pushi/vec4 20, 0, 8;
    %store/vec4 v0x55a153275110_0, 0, 8;
    %pushi/vec4 252, 0, 8;
    %store/vec4 v0x55a153275250_0, 0, 8;
    %wait E_0x55a15322c100;
    %pushi/vec4 20, 0, 8;
    %store/vec4 v0x55a153275110_0, 0, 8;
    %pushi/vec4 252, 0, 8;
    %store/vec4 v0x55a153275250_0, 0, 8;
    %wait E_0x55a15322c100;
    %pushi/vec4 20, 0, 8;
    %store/vec4 v0x55a153275110_0, 0, 8;
    %pushi/vec4 252, 0, 8;
    %store/vec4 v0x55a153275250_0, 0, 8;
    %wait E_0x55a15322c100;
    %pushi/vec4 20, 0, 8;
    %store/vec4 v0x55a153275110_0, 0, 8;
    %pushi/vec4 252, 0, 8;
    %store/vec4 v0x55a153275250_0, 0, 8;
    %wait E_0x55a15322c100;
    %pushi/vec4 20, 0, 8;
    %store/vec4 v0x55a153275110_0, 0, 8;
    %pushi/vec4 252, 0, 8;
    %store/vec4 v0x55a153275250_0, 0, 8;
    %wait E_0x55a15322c100;
    %pushi/vec4 20, 0, 8;
    %store/vec4 v0x55a153275110_0, 0, 8;
    %pushi/vec4 252, 0, 8;
    %store/vec4 v0x55a153275250_0, 0, 8;
    %wait E_0x55a15322c100;
    %pushi/vec4 21, 0, 8;
    %store/vec4 v0x55a153275110_0, 0, 8;
    %pushi/vec4 251, 0, 8;
    %store/vec4 v0x55a153275250_0, 0, 8;
    %pushi/vec4 0, 0, 1;
    %store/vec4 v0x55a1532754f0_0, 0, 1;
    %wait E_0x55a15322c100;
    %pushi/vec4 21, 0, 8;
    %store/vec4 v0x55a153275110_0, 0, 8;
    %pushi/vec4 251, 0, 8;
    %store/vec4 v0x55a153275250_0, 0, 8;
    %pushi/vec4 0, 0, 1;
    %store/vec4 v0x55a1532754f0_0, 0, 1;
    %wait E_0x55a15322c100;
    %pushi/vec4 21, 0, 8;
    %store/vec4 v0x55a153275110_0, 0, 8;
    %pushi/vec4 251, 0, 8;
    %store/vec4 v0x55a153275250_0, 0, 8;
    %pushi/vec4 0, 0, 1;
    %store/vec4 v0x55a1532754f0_0, 0, 1;
    %wait E_0x55a15322c100;
    %pushi/vec4 21, 0, 8;
    %store/vec4 v0x55a153275110_0, 0, 8;
    %pushi/vec4 251, 0, 8;
    %store/vec4 v0x55a153275250_0, 0, 8;
    %pushi/vec4 0, 0, 1;
    %store/vec4 v0x55a1532754f0_0, 0, 1;
    %wait E_0x55a15322c100;
    %pushi/vec4 21, 0, 8;
    %store/vec4 v0x55a153275110_0, 0, 8;
    %pushi/vec4 251, 0, 8;
    %store/vec4 v0x55a153275250_0, 0, 8;
    %pushi/vec4 0, 0, 1;
    %store/vec4 v0x55a1532754f0_0, 0, 1;
    %wait E_0x55a15322c100;
    %pushi/vec4 21, 0, 8;
    %store/vec4 v0x55a153275110_0, 0, 8;
    %pushi/vec4 251, 0, 8;
    %store/vec4 v0x55a153275250_0, 0, 8;
    %pushi/vec4 0, 0, 1;
    %store/vec4 v0x55a1532754f0_0, 0, 1;
    %wait E_0x55a15322c100;
    %pushi/vec4 21, 0, 8;
    %store/vec4 v0x55a153275110_0, 0, 8;
    %pushi/vec4 251, 0, 8;
    %store/vec4 v0x55a153275250_0, 0, 8;
    %pushi/vec4 0, 0, 1;
    %store/vec4 v0x55a1532754f0_0, 0, 1;
    %wait E_0x55a15322c100;
    %pushi/vec4 21, 0, 8;
    %store/vec4 v0x55a153275110_0, 0, 8;
    %pushi/vec4 251, 0, 8;
    %store/vec4 v0x55a153275250_0, 0, 8;
    %pushi/vec4 0, 0, 1;
    %store/vec4 v0x55a1532754f0_0, 0, 1;
    %wait E_0x55a15322c100;
    %pushi/vec4 22, 0, 8;
    %store/vec4 v0x55a153275110_0, 0, 8;
    %pushi/vec4 250, 0, 8;
    %store/vec4 v0x55a153275250_0, 0, 8;
    %wait E_0x55a15322c100;
    %pushi/vec4 22, 0, 8;
    %store/vec4 v0x55a153275110_0, 0, 8;
    %pushi/vec4 250, 0, 8;
    %store/vec4 v0x55a153275250_0, 0, 8;
    %wait E_0x55a15322c100;
    %pushi/vec4 22, 0, 8;
    %store/vec4 v0x55a153275110_0, 0, 8;
    %pushi/vec4 250, 0, 8;
    %store/vec4 v0x55a153275250_0, 0, 8;
    %wait E_0x55a15322c100;
    %pushi/vec4 22, 0, 8;
    %store/vec4 v0x55a153275110_0, 0, 8;
    %pushi/vec4 250, 0, 8;
    %store/vec4 v0x55a153275250_0, 0, 8;
    %wait E_0x55a15322c100;
    %pushi/vec4 22, 0, 8;
    %store/vec4 v0x55a153275110_0, 0, 8;
    %pushi/vec4 250, 0, 8;
    %store/vec4 v0x55a153275250_0, 0, 8;
    %wait E_0x55a15322c100;
    %pushi/vec4 22, 0, 8;
    %store/vec4 v0x55a153275110_0, 0, 8;
    %pushi/vec4 250, 0, 8;
    %store/vec4 v0x55a153275250_0, 0, 8;
    %wait E_0x55a15322c100;
    %pushi/vec4 22, 0, 8;
    %store/vec4 v0x55a153275110_0, 0, 8;
    %pushi/vec4 250, 0, 8;
    %store/vec4 v0x55a153275250_0, 0, 8;
    %wait E_0x55a15322c100;
    %pushi/vec4 22, 0, 8;
    %store/vec4 v0x55a153275110_0, 0, 8;
    %pushi/vec4 250, 0, 8;
    %store/vec4 v0x55a153275250_0, 0, 8;
    %wait E_0x55a15322c100;
    %pushi/vec4 23, 0, 8;
    %store/vec4 v0x55a153275110_0, 0, 8;
    %pushi/vec4 249, 0, 8;
    %store/vec4 v0x55a153275250_0, 0, 8;
    %wait E_0x55a15322c100;
    %pushi/vec4 23, 0, 8;
    %store/vec4 v0x55a153275110_0, 0, 8;
    %pushi/vec4 249, 0, 8;
    %store/vec4 v0x55a153275250_0, 0, 8;
    %wait E_0x55a15322c100;
    %pushi/vec4 23, 0, 8;
    %store/vec4 v0x55a153275110_0, 0, 8;
    %pushi/vec4 249, 0, 8;
    %store/vec4 v0x55a153275250_0, 0, 8;
    %wait E_0x55a15322c100;
    %pushi/vec4 23, 0, 8;
    %store/vec4 v0x55a153275110_0, 0, 8;
    %pushi/vec4 249, 0, 8;
    %store/vec4 v0x55a153275250_0, 0, 8;
    %wait E_0x55a15322c100;
    %pushi/vec4 23, 0, 8;
    %store/vec4 v0x55a153275110_0, 0, 8;
    %pushi/vec4 249, 0, 8;
    %store/vec4 v0x55a153275250_0, 0, 8;
    %wait E_0x55a15322c100;
    %pushi/vec4 23, 0, 8;
    %store/vec4 v0x55a153275110_0, 0, 8;
    %pushi/vec4 249, 0, 8;
    %store/vec4 v0x55a153275250_0, 0, 8;
    %wait E_0x55a15322c100;
    %pushi/vec4 23, 0, 8;
    %store/vec4 v0x55a153275110_0, 0, 8;
    %pushi/vec4 249, 0, 8;
    %store/vec4 v0x55a153275250_0, 0, 8;
    %wait E_0x55a15322c100;
    %pushi/vec4 23, 0, 8;
    %store/vec4 v0x55a153275110_0, 0, 8;
    %pushi/vec4 249, 0, 8;
    %store/vec4 v0x55a153275250_0, 0, 8;
    %wait E_0x55a15322c100;
    %pushi/vec4 24, 0, 8;
    %store/vec4 v0x55a153275110_0, 0, 8;
    %pushi/vec4 248, 0, 8;
    %store/vec4 v0x55a153275250_0, 0, 8;
    %pushi/vec4 1, 0, 1;
    %store/vec4 v0x55a153275590_0, 0, 1;
    %wait E_0x55a15322c100;
    %pushi/vec4 24, 0, 8;
    %store/vec4 v0x55a153275110_0, 0, 8;
    %pushi/vec4 248, 0, 8;
    %store/vec4 v0x55a153275250_0, 0, 8;
    %pushi/vec4 1, 0, 1;
    %store/vec4 v0x55a153275590_0, 0, 1;
    %wait E_0x55a15322c100;
    %pushi/vec4 24, 0, 8;
    %store/vec4 v0x55a153275110_0, 0, 8;
    %pushi/vec4 248, 0, 8;
    %store/vec4 v0x55a153275250_0, 0, 8;
    %pushi/vec4 1, 0, 1;
    %store/vec4 v0x55a153275590_0, 0, 1;
    %wait E_0x55a15322c100;
    %pushi/vec4 24, 0, 8;
    %store/vec4 v0x55a153275110_0, 0, 8;
    %pushi/vec4 248, 0, 8;
    %store/vec4 v0x55a153275250_0, 0, 8;
    %pushi/vec4 1, 0, 1;
    %store/vec4 v0x55a153275590_0, 0, 1;
    %wait E_0x55a15322c100;
    %pushi/vec4 24, 0, 8;
    %store/vec4 v0x55a153275110_0, 0, 8;
    %pushi/vec4 248, 0, 8;
    %store/vec4 v0x55a153275250_0, 0, 8;
    %pushi/vec4 1, 0, 1;
    %store/vec4 v0x55a153275590_0, 0, 1;
    %wait E_0x55a15322c100;
    %pushi/vec4 24, 0, 8;
    %store/vec4 v0x55a153275110_0, 0, 8;
    %pushi/vec4 248, 0, 8;
    %store/vec4 v0x55a153275250_0, 0, 8;
    %pushi/vec4 1, 0, 1;
    %store/vec4 v0x55a153275590_0, 0, 1;
    %wait E_0x55a15322c100;
    %pushi/vec4 24, 0, 8;
    %store/vec4 v0x55a153275110_0, 0, 8;
    %pushi/vec4 248, 0, 8;
    %store/vec4 v0x55a153275250_0, 0, 8;
    %pushi/vec4 1, 0, 1;
    %store/vec4 v0x55a153275590_0, 0, 1;
    %wait E_0x55a15322c100;
    %pushi/vec4 25, 0, 8;
    %store/vec4 v0x55a153275110_0, 0, 8;
    %pushi/vec4 247, 0, 8;
    %store/vec4 v0x55a153275250_0, 0, 8;
    %wait E_0x55a15322c100;
    %pushi/vec4 25, 0, 8;
    %store/vec4 v0x55a153275110_0, 0, 8;
    %pushi/vec4 247, 0, 8;
    %store/vec4 v0x55a153275250_0, 0, 8;
    %wait E_0x55a15322c100;
    %pushi/vec4 25, 0, 8;
    %store/vec4 v0x55a153275110_0, 0, 8;
    %pushi/vec4 247, 0, 8;
    %store/vec4 v0x55a153275250_0, 0, 8;
    %wait E_0x55a15322c100;
    %pushi/vec4 25, 0, 8;
    %store/vec4 v0x55a153275110_0, 0, 8;
    %pushi/vec4 247, 0, 8;
    %store/vec4 v0x55a153275250_0, 0, 8;
    %wait E_0x55a15322c100;
    %pushi/vec4 25, 0, 8;
    %store/vec4 v0x55a153275110_0, 0, 8;
    %pushi/vec4 247, 0, 8;
    %store/vec4 v0x55a153275250_0, 0, 8;
    %wait E_0x55a15322c100;
    %pushi/vec4 25, 0, 8;
    %store/vec4 v0x55a153275110_0, 0, 8;
    %pushi/vec4 247, 0, 8;
    %store/vec4 v0x55a153275250_0, 0, 8;
    %wait E_0x55a15322c100;
    %pushi/vec4 25, 0, 8;
    %store/vec4 v0x55a153275110_0, 0, 8;
    %pushi/vec4 247, 0, 8;
    %store/vec4 v0x55a153275250_0, 0, 8;
    %wait E_0x55a15322c100;
    %pushi/vec4 25, 0, 8;
    %store/vec4 v0x55a153275110_0, 0, 8;
    %pushi/vec4 247, 0, 8;
    %store/vec4 v0x55a153275250_0, 0, 8;
    %wait E_0x55a15322c100;
    %pushi/vec4 26, 0, 8;
    %store/vec4 v0x55a153275110_0, 0, 8;
    %pushi/vec4 246, 0, 8;
    %store/vec4 v0x55a153275250_0, 0, 8;
    %pushi/vec4 0, 0, 1;
    %store/vec4 v0x55a153275590_0, 0, 1;
    %wait E_0x55a15322c100;
    %pushi/vec4 26, 0, 8;
    %store/vec4 v0x55a153275110_0, 0, 8;
    %pushi/vec4 246, 0, 8;
    %store/vec4 v0x55a153275250_0, 0, 8;
    %pushi/vec4 0, 0, 1;
    %store/vec4 v0x55a153275590_0, 0, 1;
    %wait E_0x55a15322c100;
    %pushi/vec4 26, 0, 8;
    %store/vec4 v0x55a153275110_0, 0, 8;
    %pushi/vec4 246, 0, 8;
    %store/vec4 v0x55a153275250_0, 0, 8;
    %pushi/vec4 0, 0, 1;
    %store/vec4 v0x55a153275590_0, 0, 1;
    %wait E_0x55a15322c100;
    %pushi/vec4 26, 0, 8;
    %store/vec4 v0x55a153275110_0, 0, 8;
    %pushi/vec4 246, 0, 8;
    %store/vec4 v0x55a153275250_0, 0, 8;
    %pushi/vec4 0, 0, 1;
    %store/vec4 v0x55a153275590_0, 0, 1;
    %wait E_0x55a15322c100;
    %pushi/vec4 26, 0, 8;
    %store/vec4 v0x55a153275110_0, 0, 8;
    %pushi/vec4 246, 0, 8;
    %store/vec4 v0x55a153275250_0, 0, 8;
    %pushi/vec4 0, 0, 1;
    %store/vec4 v0x55a153275590_0, 0, 1;
    %wait E_0x55a15322c100;
    %pushi/vec4 26, 0, 8;
    %store/vec4 v0x55a153275110_0, 0, 8;
    %pushi/vec4 246, 0, 8;
    %store/vec4 v0x55a153275250_0, 0, 8;
    %pushi/vec4 0, 0, 1;
    %store/vec4 v0x55a153275590_0, 0, 1;
    %wait E_0x55a15322c100;
    %pushi/vec4 26, 0, 8;
    %store/vec4 v0x55a153275110_0, 0, 8;
    %pushi/vec4 246, 0, 8;
    %store/vec4 v0x55a153275250_0, 0, 8;
    %pushi/vec4 0, 0, 1;
    %store/vec4 v0x55a153275590_0, 0, 1;
    %wait E_0x55a15322c100;
    %pushi/vec4 26, 0, 8;
    %store/vec4 v0x55a153275110_0, 0, 8;
    %pushi/vec4 246, 0, 8;
    %store/vec4 v0x55a153275250_0, 0, 8;
    %pushi/vec4 0, 0, 1;
    %store/vec4 v0x55a153275590_0, 0, 1;
    %wait E_0x55a15322c100;
    %pushi/vec4 27, 0, 8;
    %store/vec4 v0x55a153275110_0, 0, 8;
    %pushi/vec4 245, 0, 8;
    %store/vec4 v0x55a153275250_0, 0, 8;
    %wait E_0x55a15322c100;
    %pushi/vec4 27, 0, 8;
    %store/vec4 v0x55a153275110_0, 0, 8;
    %pushi/vec4 245, 0, 8;
    %store/vec4 v0x55a153275250_0, 0, 8;
    %wait E_0x55a15322c100;
    %pushi/vec4 27, 0, 8;
    %store/vec4 v0x55a153275110_0, 0, 8;
    %pushi/vec4 245, 0, 8;
    %store/vec4 v0x55a153275250_0, 0, 8;
    %wait E_0x55a15322c100;
    %pushi/vec4 27, 0, 8;
    %store/vec4 v0x55a153275110_0, 0, 8;
    %pushi/vec4 245, 0, 8;
    %store/vec4 v0x55a153275250_0, 0, 8;
    %wait E_0x55a15322c100;
    %pushi/vec4 27, 0, 8;
    %store/vec4 v0x55a153275110_0, 0, 8;
    %pushi/vec4 245, 0, 8;
    %store/vec4 v0x55a153275250_0, 0, 8;
    %wait E_0x55a15322c100;
    %pushi/vec4 27, 0, 8;
    %store/vec4 v0x55a153275110_0, 0, 8;
    %pushi/vec4 245, 0, 8;
    %store/vec4 v0x55a153275250_0, 0, 8;
    %wait E_0x55a15322c100;
    %pushi/vec4 27, 0, 8;
    %store/vec4 v0x55a153275110_0, 0, 8;
    %pushi/vec4 245, 0, 8;
    %store/vec4 v0x55a153275250_0, 0, 8;
    %wait E_0x55a15322c100;
    %pushi/vec4 27, 0, 8;
    %store/vec4 v0x55a153275110_0, 0, 8;
    %pushi/vec4 245, 0, 8;
    %store/vec4 v0x55a153275250_0, 0, 8;
    %wait E_0x55a15322c100;
    %pushi/vec4 28, 0, 8;
    %store/vec4 v0x55a153275110_0, 0, 8;
    %pushi/vec4 244, 0, 8;
    %store/vec4 v0x55a153275250_0, 0, 8;
    %wait E_0x55a15322c100;
    %pushi/vec4 28, 0, 8;
    %store/vec4 v0x55a153275110_0, 0, 8;
    %pushi/vec4 244, 0, 8;
    %store/vec4 v0x55a153275250_0, 0, 8;
    %wait E_0x55a15322c100;
    %pushi/vec4 28, 0, 8;
    %store/vec4 v0x55a153275110_0, 0, 8;
    %pushi/vec4 244, 0, 8;
    %store/vec4 v0x55a153275250_0, 0, 8;
    %wait E_0x55a15322c100;
    %pushi/vec4 28, 0, 8;
    %store/vec4 v0x55a153275110_0, 0, 8;
    %pushi/vec4 244, 0, 8;
    %store/vec4 v0x55a153275250_0, 0, 8;
    %wait E_0x55a15322c100;
    %pushi/vec4 28, 0, 8;
    %store/vec4 v0x55a153275110_0, 0, 8;
    %pushi/vec4 244, 0, 8;
    %store/vec4 v0x55a153275250_0, 0, 8;
    %wait E_0x55a15322c100;
    %pushi/vec4 28, 0, 8;
    %store/vec4 v0x55a153275110_0, 0, 8;
    %pushi/vec4 244, 0, 8;
    %store/vec4 v0x55a153275250_0, 0, 8;
    %wait E_0x55a15322c100;
    %pushi/vec4 28, 0, 8;
    %store/vec4 v0x55a153275110_0, 0, 8;
    %pushi/vec4 244, 0, 8;
    %store/vec4 v0x55a153275250_0, 0, 8;
    %wait E_0x55a15322c100;
    %pushi/vec4 28, 0, 8;
    %store/vec4 v0x55a153275110_0, 0, 8;
    %pushi/vec4 244, 0, 8;
    %store/vec4 v0x55a153275250_0, 0, 8;
    %wait E_0x55a15322c100;
    %pushi/vec4 29, 0, 8;
    %store/vec4 v0x55a153275110_0, 0, 8;
    %pushi/vec4 243, 0, 8;
    %store/vec4 v0x55a153275250_0, 0, 8;
    %pushi/vec4 1, 0, 1;
    %store/vec4 v0x55a1532754f0_0, 0, 1;
    %pushi/vec4 1, 0, 1;
    %store/vec4 v0x55a153275590_0, 0, 1;
    %wait E_0x55a15322c100;
    %pushi/vec4 30, 0, 8;
    %store/vec4 v0x55a153275110_0, 0, 8;
    %pushi/vec4 242, 0, 8;
    %store/vec4 v0x55a153275250_0, 0, 8;
    %pushi/vec4 0, 0, 1;
    %store/vec4 v0x55a153275590_0, 0, 1;
    %wait E_0x55a15322c100;
    %pushi/vec4 31, 0, 8;
    %store/vec4 v0x55a153275110_0, 0, 8;
    %pushi/vec4 241, 0, 8;
    %store/vec4 v0x55a153275250_0, 0, 8;
    %pushi/vec4 0, 0, 1;
    %store/vec4 v0x55a1532754f0_0, 0, 1;
    %wait E_0x55a15322c100;
    %pushi/vec4 32, 0, 8;
    %store/vec4 v0x55a153275110_0, 0, 8;
    %pushi/vec4 240, 0, 8;
    %store/vec4 v0x55a153275250_0, 0, 8;
    %wait E_0x55a15322c100;
    %pushi/vec4 33, 0, 8;
    %store/vec4 v0x55a153275110_0, 0, 8;
    %pushi/vec4 239, 0, 8;
    %store/vec4 v0x55a153275250_0, 0, 8;
    %wait E_0x55a15322c100;
    %pushi/vec4 34, 0, 8;
    %store/vec4 v0x55a153275110_0, 0, 8;
    %pushi/vec4 238, 0, 8;
    %store/vec4 v0x55a153275250_0, 0, 8;
    %pushi/vec4 1, 0, 1;
    %store/vec4 v0x55a1532754f0_0, 0, 1;
    %pushi/vec4 1, 0, 1;
    %store/vec4 v0x55a153275590_0, 0, 1;
    %wait E_0x55a15322c100;
    %pushi/vec4 35, 0, 8;
    %store/vec4 v0x55a153275110_0, 0, 8;
    %pushi/vec4 237, 0, 8;
    %store/vec4 v0x55a153275250_0, 0, 8;
    %pushi/vec4 0, 0, 1;
    %store/vec4 v0x55a1532754f0_0, 0, 1;
    %wait E_0x55a15322c100;
    %pushi/vec4 36, 0, 8;
    %store/vec4 v0x55a153275110_0, 0, 8;
    %pushi/vec4 236, 0, 8;
    %store/vec4 v0x55a153275250_0, 0, 8;
    %pushi/vec4 0, 0, 1;
    %store/vec4 v0x55a153275590_0, 0, 1;
    %wait E_0x55a15322c100;
    %pushi/vec4 37, 0, 8;
    %store/vec4 v0x55a153275110_0, 0, 8;
    %pushi/vec4 235, 0, 8;
    %store/vec4 v0x55a153275250_0, 0, 8;
    %vpi_call 6 365 "$finish" {0 0 0};
    %end;
    .thread T_6;
    .scope S_0x55a153274ad0;
T_7 ;
    %pushi/vec4 0, 0, 1;
    %assign/vec4 v0x55a153274d80_0, 0;
    %end;
    .thread T_7;
    .scope S_0x55a153274ad0;
T_8 ;
    %delay 450, 0;
    %load/vec4 v0x55a153274d80_0;
    %inv;
    %assign/vec4 v0x55a153274d80_0, 0;
    %jmp T_8;
    .thread T_8;
# The file index is used to find the file name in the following table.
:file_names 7;
    "N/A";
    "<interactive>";
    "BancoPrueba.v";
    "./proy1_conductual.v";
    "./clkgen.v";
    "./mux.v";
    "./probador.v";
